<?xml version="1.0" encoding="UTF-8"?>
<coverage generated="1777908980317" clover="3.2.0">
  <project timestamp="1777908980317" name="All files">
    <metrics statements="76" coveredstatements="39" conditionals="38" coveredconditionals="22" methods="13" coveredmethods="6" elements="127" coveredelements="67" complexity="0" loc="76" ncloc="76" packages="1" files="1" classes="1"/>
    <file name="performanceScore.js" path="E:\sdk\sdk2 - 副本\src\performance\performanceScore.js">
      <metrics statements="76" coveredstatements="39" conditionals="38" coveredconditionals="22" methods="13" coveredmethods="6"/>
      <line num="5" count="23" type="stmt"/>
      <line num="12" count="23" type="stmt"/>
      <line num="19" count="23" type="stmt"/>
      <line num="33" count="31" type="cond" truecount="2" falsecount="0"/>
      <line num="34" count="20" type="stmt"/>
      <line num="36" count="11" type="cond" truecount="2" falsecount="0"/>
      <line num="37" count="8" type="stmt"/>
      <line num="40" count="3" type="stmt"/>
      <line num="41" count="3" type="stmt"/>
      <line num="49" count="9" type="stmt"/>
      <line num="52" count="9" type="cond" truecount="5" falsecount="0"/>
      <line num="53" count="1" type="stmt"/>
      <line num="56" count="8" type="stmt"/>
      <line num="57" count="8" type="stmt"/>
      <line num="58" count="8" type="stmt"/>
      <line num="61" count="8" type="cond" truecount="2" falsecount="0"/>
      <line num="62" count="6" type="stmt"/>
      <line num="63" count="6" type="stmt"/>
      <line num="64" count="6" type="stmt"/>
      <line num="67" count="8" type="cond" truecount="2" falsecount="0"/>
      <line num="68" count="5" type="stmt"/>
      <line num="69" count="5" type="stmt"/>
      <line num="70" count="5" type="stmt"/>
      <line num="73" count="8" type="cond" truecount="2" falsecount="0"/>
      <line num="74" count="6" type="stmt"/>
      <line num="75" count="6" type="stmt"/>
      <line num="76" count="6" type="stmt"/>
      <line num="80" count="8" type="cond" truecount="1" falsecount="1"/>
      <line num="83" count="8" type="stmt"/>
      <line num="85" count="8" type="stmt"/>
      <line num="100" count="17" type="cond" truecount="2" falsecount="0"/>
      <line num="101" count="8" type="cond" truecount="2" falsecount="0"/>
      <line num="102" count="4" type="stmt"/>
      <line num="111" count="27" type="cond" truecount="2" falsecount="0"/>
      <line num="112" count="26" type="stmt"/>
      <line num="121" count="6" type="stmt"/>
      <line num="128" count="24" type="stmt"/>
      <line num="129" count="24" type="stmt"/>
      <line num="130" count="24" type="stmt"/>
      <line num="139" count="0" type="stmt"/>
      <line num="142" count="0" type="cond" truecount="0" falsecount="2"/>
      <line num="143" count="0" type="stmt"/>
      <line num="145" count="0" type="stmt"/>
      <line num="146" count="0" type="stmt"/>
      <line num="147" count="0" type="stmt"/>
      <line num="148" count="0" type="cond" truecount="0" falsecount="2"/>
      <line num="149" count="0" type="stmt"/>
      <line num="150" count="0" type="stmt"/>
      <line num="153" count="0" type="stmt"/>
      <line num="156" count="0" type="stmt"/>
      <line num="157" count="0" type="stmt"/>
      <line num="158" count="0" type="cond" truecount="0" falsecount="2"/>
      <line num="159" count="0" type="stmt"/>
      <line num="160" count="0" type="stmt"/>
      <line num="163" count="0" type="stmt"/>
      <line num="166" count="0" type="stmt"/>
      <line num="167" count="0" type="stmt"/>
      <line num="168" count="0" type="stmt"/>
      <line num="169" count="0" type="cond" truecount="0" falsecount="2"/>
      <line num="170" count="0" type="stmt"/>
      <line num="171" count="0" type="stmt"/>
      <line num="172" count="0" type="stmt"/>
      <line num="176" count="0" type="stmt"/>
      <line num="183" count="0" type="stmt"/>
      <line num="184" count="0" type="cond" truecount="0" falsecount="2"/>
      <line num="185" count="0" type="stmt"/>
      <line num="188" count="0" type="stmt"/>
      <line num="191" count="0" type="stmt"/>
      <line num="192" count="0" type="stmt"/>
      <line num="201" count="0" type="stmt"/>
      <line num="202" count="0" type="cond" truecount="0" falsecount="2"/>
      <line num="203" count="0" type="stmt"/>
      <line num="211" count="0" type="cond" truecount="0" falsecount="2"/>
      <line num="213" count="0" type="stmt"/>
      <line num="214" count="0" type="stmt"/>
      <line num="216" count="0" type="stmt"/>
    </file>
  </project>
</coverage>
