{"E:\\sdk\\sdk2 - 副本\\src\\config.js": {"path":"E:\\sdk\\sdk2 - 副本\\src\\config.js","statementMap":{"0":{"start":{"line":1,"column":15},"end":{"line":9,"column":1}},"1":{"start":{"line":14,"column":4},"end":{"line":18,"column":5}},"2":{"start":{"line":15,"column":8},"end":{"line":17,"column":9}},"3":{"start":{"line":16,"column":12},"end":{"line":16,"column":38}}},"fnMap":{"0":{"name":"setConfig","decl":{"start":{"line":13,"column":16},"end":{"line":13,"column":25}},"loc":{"start":{"line":13,"column":35},"end":{"line":19,"column":1}},"line":13}},"branchMap":{"0":{"loc":{"start":{"line":15,"column":8},"end":{"line":17,"column":9}},"type":"if","locations":[{"start":{"line":15,"column":8},"end":{"line":17,"column":9}},{"start":{},"end":{}}],"line":15}},"s":{"0":33,"1":0,"2":0,"3":0},"f":{"0":0},"b":{"0":[0,0]},"_coverageSchema":"1a1c01bbd47fc00a2c39e90264f33305004495a9","hash":"65b6bd5525b11c3b550a07ff356162f06138cc98"}
,"E:\\sdk\\sdk2 - 副本\\src\\index.js": {"path":"E:\\sdk\\sdk2 - 副本\\src\\index.js","statementMap":{"0":{"start":{"line":9,"column":16},"end":{"line":28,"column":1}},"1":{"start":{"line":11,"column":8},"end":{"line":11,"column":26}},"2":{"start":{"line":12,"column":8},"end":{"line":12,"column":15}},"3":{"start":{"line":13,"column":8},"end":{"line":13,"column":21}},"4":{"start":{"line":14,"column":8},"end":{"line":14,"column":19}},"5":{"start":{"line":17,"column":8},"end":{"line":25,"column":10}},"6":{"start":{"line":18,"column":12},"end":{"line":24,"column":14}},"7":{"start":{"line":19,"column":29},"end":{"line":19,"column":39}},"8":{"start":{"line":20,"column":16},"end":{"line":23,"column":17}},"9":{"start":{"line":21,"column":20},"end":{"line":21,"column":38}},"10":{"start":{"line":22,"column":20},"end":{"line":22,"column":32}}},"fnMap":{"0":{"name":"(anonymous_0)","decl":{"start":{"line":10,"column":4},"end":{"line":10,"column":5}},"loc":{"start":{"line":10,"column":23},"end":{"line":26,"column":5}},"line":10},"1":{"name":"(anonymous_1)","decl":{"start":{"line":17,"column":43},"end":{"line":17,"column":44}},"loc":{"start":{"line":17,"column":49},"end":{"line":25,"column":9}},"line":17},"2":{"name":"(anonymous_2)","decl":{"start":{"line":18,"column":15},"end":{"line":18,"column":16}},"loc":{"start":{"line":18,"column":21},"end":{"line":24,"column":13}},"line":18}},"branchMap":{"0":{"loc":{"start":{"line":10,"column":9},"end":{"line":10,"column":21}},"type":"default-arg","locations":[{"start":{"line":10,"column":19},"end":{"line":10,"column":21}}],"line":10},"1":{"loc":{"start":{"line":20,"column":16},"end":{"line":23,"column":17}},"type":"if","locations":[{"start":{"line":20,"column":16},"end":{"line":23,"column":17}},{"start":{},"end":{}}],"line":20}},"s":{"0":1,"1":3,"2":3,"3":3,"4":3,"5":3,"6":6,"7":0,"8":0,"9":0,"10":0},"f":{"0":3,"1":6,"2":0},"b":{"0":[2],"1":[0,0]},"_coverageSchema":"1a1c01bbd47fc00a2c39e90264f33305004495a9","hash":"446a6c04a3860b5ef3b8591b969b06885e321894"}
,"E:\\sdk\\sdk2 - 副本\\src\\behavior\\index.js": {"path":"E:\\sdk\\sdk2 - 副本\\src\\behavior\\index.js","statementMap":{"0":{"start":{"line":10,"column":4},"end":{"line":10,"column":8}},"1":{"start":{"line":11,"column":4},"end":{"line":11,"column":24}},"2":{"start":{"line":12,"column":4},"end":{"line":12,"column":22}},"3":{"start":{"line":13,"column":4},"end":{"line":13,"column":13}},"4":{"start":{"line":14,"column":4},"end":{"line":14,"column":16}},"5":{"start":{"line":16,"column":4},"end":{"line":18,"column":5}},"6":{"start":{"line":17,"column":8},"end":{"line":17,"column":38}}},"fnMap":{"0":{"name":"behavior","decl":{"start":{"line":9,"column":24},"end":{"line":9,"column":32}},"loc":{"start":{"line":9,"column":35},"end":{"line":19,"column":1}},"line":9}},"branchMap":{"0":{"loc":{"start":{"line":16,"column":4},"end":{"line":18,"column":5}},"type":"if","locations":[{"start":{"line":16,"column":4},"end":{"line":18,"column":5}},{"start":{},"end":{}}],"line":16}},"s":{"0":4,"1":4,"2":4,"3":4,"4":4,"5":4,"6":1},"f":{"0":4},"b":{"0":[1,3]},"_coverageSchema":"1a1c01bbd47fc00a2c39e90264f33305004495a9","hash":"75535e002be8633c3655827ef4d3d347114bb1d1"}
,"E:\\sdk\\sdk2 - 副本\\src\\behavior\\onClick.js": {"path":"E:\\sdk\\sdk2 - 副本\\src\\behavior\\onClick.js","statementMap":{"0":{"start":{"line":6,"column":4},"end":{"line":38,"column":6}},"1":{"start":{"line":8,"column":8},"end":{"line":37,"column":10}},"2":{"start":{"line":9,"column":12},"end":{"line":9,"column":31}},"3":{"start":{"line":10,"column":12},"end":{"line":36,"column":19}},"4":{"start":{"line":11,"column":31},"end":{"line":11,"column":43}},"5":{"start":{"line":12,"column":38},"end":{"line":12,"column":68}},"6":{"start":{"line":14,"column":16},"end":{"line":35,"column":18}},"7":{"start":{"line":23,"column":51},"end":{"line":23,"column":63}}},"fnMap":{"0":{"name":"onClick","decl":{"start":{"line":5,"column":24},"end":{"line":5,"column":31}},"loc":{"start":{"line":5,"column":34},"end":{"line":39,"column":1}},"line":5},"1":{"name":"(anonymous_1)","decl":{"start":{"line":6,"column":40},"end":{"line":6,"column":41}},"loc":{"start":{"line":6,"column":53},"end":{"line":38,"column":5}},"line":6},"2":{"name":"(anonymous_2)","decl":{"start":{"line":8,"column":43},"end":{"line":8,"column":44}},"loc":{"start":{"line":8,"column":52},"end":{"line":37,"column":9}},"line":8},"3":{"name":"(anonymous_3)","decl":{"start":{"line":10,"column":31},"end":{"line":10,"column":32}},"loc":{"start":{"line":10,"column":37},"end":{"line":36,"column":13}},"line":10},"4":{"name":"(anonymous_4)","decl":{"start":{"line":23,"column":43},"end":{"line":23,"column":44}},"loc":{"start":{"line":23,"column":51},"end":{"line":23,"column":63}},"line":23}},"branchMap":{"0":{"loc":{"start":{"line":18,"column":32},"end":{"line":18,"column":99}},"type":"binary-expr","locations":[{"start":{"line":18,"column":32},"end":{"line":18,"column":69}},{"start":{"line":18,"column":73},"end":{"line":18,"column":99}}],"line":18},"1":{"loc":{"start":{"line":19,"column":31},"end":{"line":19,"column":92}},"type":"binary-expr","locations":[{"start":{"line":19,"column":31},"end":{"line":19,"column":65}},{"start":{"line":19,"column":69},"end":{"line":19,"column":92}}],"line":19}},"s":{"0":3,"1":6,"2":8,"3":8,"4":5,"5":5,"6":5,"7":0},"f":{"0":3,"1":6,"2":8,"3":5,"4":0},"b":{"0":[5,5],"1":[5,5]},"_coverageSchema":"1a1c01bbd47fc00a2c39e90264f33305004495a9","hash":"9656fa41b57ae6f3ecdd19c4a488fd1e7ce13af6"}
,"E:\\sdk\\sdk2 - 副本\\src\\behavior\\onVueRouter.js": {"path":"E:\\sdk\\sdk2 - 副本\\src\\behavior\\onVueRouter.js","statementMap":{"0":{"start":{"line":5,"column":4},"end":{"line":28,"column":6}},"1":{"start":{"line":7,"column":8},"end":{"line":9,"column":9}},"2":{"start":{"line":8,"column":12},"end":{"line":8,"column":25}},"3":{"start":{"line":11,"column":21},"end":{"line":14,"column":9}},"4":{"start":{"line":16,"column":8},"end":{"line":25,"column":10}},"5":{"start":{"line":27,"column":8},"end":{"line":27,"column":14}}},"fnMap":{"0":{"name":"onVueRouter","decl":{"start":{"line":4,"column":24},"end":{"line":4,"column":35}},"loc":{"start":{"line":4,"column":44},"end":{"line":29,"column":1}},"line":4},"1":{"name":"(anonymous_1)","decl":{"start":{"line":5,"column":22},"end":{"line":5,"column":23}},"loc":{"start":{"line":5,"column":42},"end":{"line":28,"column":5}},"line":5}},"branchMap":{"0":{"loc":{"start":{"line":7,"column":8},"end":{"line":9,"column":9}},"type":"if","locations":[{"start":{"line":7,"column":8},"end":{"line":9,"column":9}},{"start":{},"end":{}}],"line":7},"1":{"loc":{"start":{"line":18,"column":18},"end":{"line":18,"column":36}},"type":"binary-expr","locations":[{"start":{"line":18,"column":18},"end":{"line":18,"column":25}},{"start":{"line":18,"column":29},"end":{"line":18,"column":36}}],"line":18}},"s":{"0":4,"1":3,"2":1,"3":2,"4":2,"5":2},"f":{"0":4,"1":3},"b":{"0":[1,2],"1":[2,1]},"_coverageSchema":"1a1c01bbd47fc00a2c39e90264f33305004495a9","hash":"b9deb95c6650086ab1bd99219c3d2c6bc75ac0a0"}
,"E:\\sdk\\sdk2 - 副本\\src\\behavior\\pageAccessDuration.js": {"path":"E:\\sdk\\sdk2 - 副本\\src\\behavior\\pageAccessDuration.js","statementMap":{"0":{"start":{"line":6,"column":4},"end":{"line":14,"column":6}},"1":{"start":{"line":7,"column":8},"end":{"line":13,"column":16}}},"fnMap":{"0":{"name":"pageAccessDuration","decl":{"start":{"line":5,"column":24},"end":{"line":5,"column":42}},"loc":{"start":{"line":5,"column":45},"end":{"line":15,"column":1}},"line":5},"1":{"name":"(anonymous_1)","decl":{"start":{"line":6,"column":19},"end":{"line":6,"column":20}},"loc":{"start":{"line":6,"column":25},"end":{"line":14,"column":5}},"line":6}},"branchMap":{},"s":{"0":3,"1":5},"f":{"0":3,"1":5},"b":{},"_coverageSchema":"1a1c01bbd47fc00a2c39e90264f33305004495a9","hash":"9067d212667fb7f7bcb5b25efd73b074ff7a6247"}
,"E:\\sdk\\sdk2 - 副本\\src\\behavior\\pageAccessHeight.js": {"path":"E:\\sdk\\sdk2 - 副本\\src\\behavior\\pageAccessHeight.js","statementMap":{"0":{"start":{"line":6,"column":16},"end":{"line":6,"column":17}},"1":{"start":{"line":7,"column":16},"end":{"line":7,"column":21}},"2":{"start":{"line":8,"column":17},"end":{"line":8,"column":18}},"3":{"start":{"line":9,"column":16},"end":{"line":9,"column":17}},"4":{"start":{"line":10,"column":21},"end":{"line":10,"column":22}},"5":{"start":{"line":13,"column":4},"end":{"line":13,"column":47}},"6":{"start":{"line":16,"column":4},"end":{"line":27,"column":6}},"7":{"start":{"line":17,"column":20},"end":{"line":17,"column":37}},"8":{"start":{"line":18,"column":8},"end":{"line":26,"column":16}},"9":{"start":{"line":30,"column":4},"end":{"line":35,"column":6}},"10":{"start":{"line":31,"column":8},"end":{"line":31,"column":37}},"11":{"start":{"line":32,"column":8},"end":{"line":32,"column":88}},"12":{"start":{"line":33,"column":8},"end":{"line":33,"column":81}},"13":{"start":{"line":34,"column":8},"end":{"line":34,"column":43}},"14":{"start":{"line":39,"column":4},"end":{"line":39,"column":23}},"15":{"start":{"line":40,"column":16},"end":{"line":40,"column":33}},"16":{"start":{"line":42,"column":4},"end":{"line":53,"column":5}},"17":{"start":{"line":43,"column":8},"end":{"line":43,"column":24}},"18":{"start":{"line":44,"column":8},"end":{"line":52,"column":10}},"19":{"start":{"line":55,"column":4},"end":{"line":61,"column":11}},"20":{"start":{"line":56,"column":8},"end":{"line":56,"column":25}},"21":{"start":{"line":57,"column":8},"end":{"line":57,"column":23}},"22":{"start":{"line":58,"column":8},"end":{"line":58,"column":88}},"23":{"start":{"line":59,"column":8},"end":{"line":59,"column":81}},"24":{"start":{"line":60,"column":8},"end":{"line":60,"column":43}},"25":{"start":{"line":65,"column":4},"end":{"line":65,"column":31}},"26":{"start":{"line":65,"column":18},"end":{"line":65,"column":31}},"27":{"start":{"line":66,"column":4},"end":{"line":66,"column":39}}},"fnMap":{"0":{"name":"pageAccessHeight","decl":{"start":{"line":12,"column":24},"end":{"line":12,"column":40}},"loc":{"start":{"line":12,"column":43},"end":{"line":36,"column":1}},"line":12},"1":{"name":"(anonymous_1)","decl":{"start":{"line":16,"column":19},"end":{"line":16,"column":20}},"loc":{"start":{"line":16,"column":25},"end":{"line":27,"column":5}},"line":16},"2":{"name":"(anonymous_2)","decl":{"start":{"line":30,"column":21},"end":{"line":30,"column":22}},"loc":{"start":{"line":30,"column":27},"end":{"line":35,"column":5}},"line":30},"3":{"name":"onScroll","decl":{"start":{"line":38,"column":9},"end":{"line":38,"column":17}},"loc":{"start":{"line":38,"column":20},"end":{"line":62,"column":1}},"line":38},"4":{"name":"(anonymous_4)","decl":{"start":{"line":55,"column":23},"end":{"line":55,"column":24}},"loc":{"start":{"line":55,"column":29},"end":{"line":61,"column":5}},"line":55},"5":{"name":"toPercent","decl":{"start":{"line":64,"column":9},"end":{"line":64,"column":18}},"loc":{"start":{"line":64,"column":24},"end":{"line":67,"column":1}},"line":64}},"branchMap":{"0":{"loc":{"start":{"line":32,"column":21},"end":{"line":32,"column":88}},"type":"binary-expr","locations":[{"start":{"line":32,"column":21},"end":{"line":32,"column":58}},{"start":{"line":32,"column":62},"end":{"line":32,"column":88}}],"line":32},"1":{"loc":{"start":{"line":33,"column":20},"end":{"line":33,"column":81}},"type":"binary-expr","locations":[{"start":{"line":33,"column":20},"end":{"line":33,"column":54}},{"start":{"line":33,"column":58},"end":{"line":33,"column":81}}],"line":33},"2":{"loc":{"start":{"line":42,"column":4},"end":{"line":53,"column":5}},"type":"if","locations":[{"start":{"line":42,"column":4},"end":{"line":53,"column":5}},{"start":{},"end":{}}],"line":42},"3":{"loc":{"start":{"line":58,"column":21},"end":{"line":58,"column":88}},"type":"binary-expr","locations":[{"start":{"line":58,"column":21},"end":{"line":58,"column":58}},{"start":{"line":58,"column":62},"end":{"line":58,"column":88}}],"line":58},"4":{"loc":{"start":{"line":59,"column":20},"end":{"line":59,"column":81}},"type":"binary-expr","locations":[{"start":{"line":59,"column":20},"end":{"line":59,"column":54}},{"start":{"line":59,"column":58},"end":{"line":59,"column":81}}],"line":59},"5":{"loc":{"start":{"line":65,"column":4},"end":{"line":65,"column":31}},"type":"if","locations":[{"start":{"line":65,"column":4},"end":{"line":65,"column":31}},{"start":{},"end":{}}],"line":65}},"s":{"0":7,"1":7,"2":7,"3":7,"4":7,"5":5,"6":5,"7":4,"8":4,"9":5,"10":5,"11":5,"12":5,"13":5,"14":16,"15":16,"16":16,"17":8,"18":8,"19":16,"20":3,"21":3,"22":3,"23":3,"24":3,"25":12,"26":12,"27":0},"f":{"0":5,"1":4,"2":5,"3":16,"4":3,"5":12},"b":{"0":[5,5],"1":[5,5],"2":[8,8],"3":[3,3],"4":[3,3],"5":[12,0]},"_coverageSchema":"1a1c01bbd47fc00a2c39e90264f33305004495a9","hash":"a6f4335a3347ae4b21debf4eb3fc3a019a9bd224"}
,"E:\\sdk\\sdk2 - 副本\\src\\behavior\\pageChange.js": {"path":"E:\\sdk\\sdk2 - 副本\\src\\behavior\\pageChange.js","statementMap":{"0":{"start":{"line":6,"column":15},"end":{"line":6,"column":17}},"1":{"start":{"line":7,"column":4},"end":{"line":20,"column":12}},"2":{"start":{"line":8,"column":19},"end":{"line":8,"column":31}},"3":{"start":{"line":10,"column":8},"end":{"line":17,"column":10}},"4":{"start":{"line":19,"column":8},"end":{"line":19,"column":17}},"5":{"start":{"line":22,"column":17},"end":{"line":22,"column":19}},"6":{"start":{"line":23,"column":4},"end":{"line":36,"column":12}},"7":{"start":{"line":24,"column":23},"end":{"line":24,"column":35}},"8":{"start":{"line":26,"column":8},"end":{"line":33,"column":10}},"9":{"start":{"line":35,"column":8},"end":{"line":35,"column":23}}},"fnMap":{"0":{"name":"pageChange","decl":{"start":{"line":5,"column":24},"end":{"line":5,"column":34}},"loc":{"start":{"line":5,"column":37},"end":{"line":37,"column":1}},"line":5},"1":{"name":"(anonymous_1)","decl":{"start":{"line":7,"column":40},"end":{"line":7,"column":41}},"loc":{"start":{"line":7,"column":46},"end":{"line":20,"column":5}},"line":7},"2":{"name":"(anonymous_2)","decl":{"start":{"line":23,"column":42},"end":{"line":23,"column":43}},"loc":{"start":{"line":23,"column":51},"end":{"line":36,"column":5}},"line":23}},"branchMap":{},"s":{"0":4,"1":4,"2":2,"3":2,"4":2,"5":4,"6":4,"7":11,"8":11,"9":11},"f":{"0":4,"1":2,"2":11},"b":{},"_coverageSchema":"1a1c01bbd47fc00a2c39e90264f33305004495a9","hash":"b058ef615c2e2a20ba565794ed1d313b1de7c5d9"}
,"E:\\sdk\\sdk2 - 副本\\src\\behavior\\pv.js": {"path":"E:\\sdk\\sdk2 - 副本\\src\\behavior\\pv.js","statementMap":{"0":{"start":{"line":6,"column":4},"end":{"line":13,"column":6}}},"fnMap":{"0":{"name":"pv","decl":{"start":{"line":5,"column":24},"end":{"line":5,"column":26}},"loc":{"start":{"line":5,"column":29},"end":{"line":14,"column":1}},"line":5}},"branchMap":{},"s":{"0":3},"f":{"0":3},"b":{},"_coverageSchema":"1a1c01bbd47fc00a2c39e90264f33305004495a9","hash":"c5c521b381a709df71cc7e6e0ceb20ed82b43581"}
,"E:\\sdk\\sdk2 - 副本\\src\\behavior\\utils.js": {"path":"E:\\sdk\\sdk2 - 副本\\src\\behavior\\utils.js","statementMap":{"0":{"start":{"line":3,"column":11},"end":{"line":3,"column":13}},"1":{"start":{"line":5,"column":4},"end":{"line":5,"column":25}},"2":{"start":{"line":5,"column":14},"end":{"line":5,"column":25}},"3":{"start":{"line":8,"column":4},"end":{"line":8,"column":39}},"4":{"start":{"line":9,"column":4},"end":{"line":9,"column":25}},"5":{"start":{"line":9,"column":14},"end":{"line":9,"column":25}},"6":{"start":{"line":11,"column":4},"end":{"line":11,"column":29}},"7":{"start":{"line":12,"column":4},"end":{"line":12,"column":38}},"8":{"start":{"line":13,"column":4},"end":{"line":13,"column":15}}},"fnMap":{"0":{"name":"getUUID","decl":{"start":{"line":4,"column":16},"end":{"line":4,"column":23}},"loc":{"start":{"line":4,"column":26},"end":{"line":14,"column":1}},"line":4}},"branchMap":{"0":{"loc":{"start":{"line":5,"column":4},"end":{"line":5,"column":25}},"type":"if","locations":[{"start":{"line":5,"column":4},"end":{"line":5,"column":25}},{"start":{},"end":{}}],"line":5},"1":{"loc":{"start":{"line":9,"column":4},"end":{"line":9,"column":25}},"type":"if","locations":[{"start":{"line":9,"column":4},"end":{"line":9,"column":25}},{"start":{},"end":{}}],"line":9}},"s":{"0":10,"1":3,"2":1,"3":2,"4":2,"5":1,"6":1,"7":1,"8":1},"f":{"0":3},"b":{"0":[1,2],"1":[1,1]},"_coverageSchema":"1a1c01bbd47fc00a2c39e90264f33305004495a9","hash":"df8db1f4f7d22ae8e57bf554433c373425b44313"}
,"E:\\sdk\\sdk2 - 副本\\src\\error\\index.js": {"path":"E:\\sdk\\sdk2 - 副本\\src\\error\\index.js","statementMap":{"0":{"start":{"line":6,"column":28},"end":{"line":6,"column":48}},"1":{"start":{"line":7,"column":4},"end":{"line":16,"column":5}},"2":{"start":{"line":8,"column":8},"end":{"line":8,"column":41}},"3":{"start":{"line":9,"column":8},"end":{"line":15,"column":10}},"4":{"start":{"line":19,"column":4},"end":{"line":36,"column":12}},"5":{"start":{"line":20,"column":23},"end":{"line":20,"column":31}},"6":{"start":{"line":21,"column":8},"end":{"line":21,"column":27}},"7":{"start":{"line":21,"column":21},"end":{"line":21,"column":27}},"8":{"start":{"line":23,"column":8},"end":{"line":35,"column":9}},"9":{"start":{"line":24,"column":24},"end":{"line":24,"column":49}},"10":{"start":{"line":25,"column":12},"end":{"line":34,"column":14}},"11":{"start":{"line":32,"column":51},"end":{"line":32,"column":63}},"12":{"start":{"line":39,"column":4},"end":{"line":50,"column":5}},"13":{"start":{"line":40,"column":8},"end":{"line":49,"column":10}},"14":{"start":{"line":53,"column":4},"end":{"line":61,"column":6}},"15":{"start":{"line":54,"column":8},"end":{"line":60,"column":10}},"16":{"start":{"line":63,"column":4},"end":{"line":76,"column":5}},"17":{"start":{"line":64,"column":8},"end":{"line":75,"column":9}},"18":{"start":{"line":65,"column":12},"end":{"line":65,"column":30}},"19":{"start":{"line":67,"column":12},"end":{"line":74,"column":14}},"20":{"start":{"line":78,"column":4},"end":{"line":80,"column":6}},"21":{"start":{"line":79,"column":8},"end":{"line":79,"column":15}}},"fnMap":{"0":{"name":"error","decl":{"start":{"line":5,"column":24},"end":{"line":5,"column":29}},"loc":{"start":{"line":5,"column":32},"end":{"line":81,"column":1}},"line":5},"1":{"name":"(anonymous_1)","decl":{"start":{"line":7,"column":27},"end":{"line":7,"column":28}},"loc":{"start":{"line":7,"column":40},"end":{"line":16,"column":5}},"line":7},"2":{"name":"(anonymous_2)","decl":{"start":{"line":19,"column":37},"end":{"line":19,"column":38}},"loc":{"start":{"line":19,"column":42},"end":{"line":36,"column":5}},"line":19},"3":{"name":"(anonymous_3)","decl":{"start":{"line":32,"column":43},"end":{"line":32,"column":44}},"loc":{"start":{"line":32,"column":51},"end":{"line":32,"column":63}},"line":32},"4":{"name":"(anonymous_4)","decl":{"start":{"line":39,"column":21},"end":{"line":39,"column":22}},"loc":{"start":{"line":39,"column":56},"end":{"line":50,"column":5}},"line":39},"5":{"name":"(anonymous_5)","decl":{"start":{"line":53,"column":50},"end":{"line":53,"column":51}},"loc":{"start":{"line":53,"column":55},"end":{"line":61,"column":5}},"line":53},"6":{"name":"(anonymous_6)","decl":{"start":{"line":64,"column":45},"end":{"line":64,"column":46}},"loc":{"start":{"line":64,"column":64},"end":{"line":75,"column":9}},"line":64},"7":{"name":"(anonymous_7)","decl":{"start":{"line":78,"column":21},"end":{"line":78,"column":22}},"loc":{"start":{"line":78,"column":27},"end":{"line":80,"column":5}},"line":78}},"branchMap":{"0":{"loc":{"start":{"line":21,"column":8},"end":{"line":21,"column":27}},"type":"if","locations":[{"start":{"line":21,"column":8},"end":{"line":21,"column":27}},{"start":{},"end":{}}],"line":21},"1":{"loc":{"start":{"line":23,"column":8},"end":{"line":35,"column":9}},"type":"if","locations":[{"start":{"line":23,"column":8},"end":{"line":35,"column":9}},{"start":{},"end":{}}],"line":23},"2":{"loc":{"start":{"line":23,"column":12},"end":{"line":23,"column":37}},"type":"binary-expr","locations":[{"start":{"line":23,"column":12},"end":{"line":23,"column":22}},{"start":{"line":23,"column":26},"end":{"line":23,"column":37}}],"line":23},"3":{"loc":{"start":{"line":24,"column":24},"end":{"line":24,"column":49}},"type":"binary-expr","locations":[{"start":{"line":24,"column":24},"end":{"line":24,"column":34}},{"start":{"line":24,"column":38},"end":{"line":24,"column":49}}],"line":24},"4":{"loc":{"start":{"line":32,"column":23},"end":{"line":32,"column":85}},"type":"cond-expr","locations":[{"start":{"line":32,"column":32},"end":{"line":32,"column":80}},{"start":{"line":32,"column":83},"end":{"line":32,"column":85}}],"line":32},"5":{"loc":{"start":{"line":63,"column":4},"end":{"line":76,"column":5}},"type":"if","locations":[{"start":{"line":63,"column":4},"end":{"line":76,"column":5}},{"start":{},"end":{}}],"line":63}},"s":{"0":4,"1":4,"2":4,"3":4,"4":4,"5":6,"6":6,"7":0,"8":6,"9":3,"10":3,"11":0,"12":4,"13":2,"14":4,"15":2,"16":4,"17":0,"18":0,"19":0,"20":4,"21":0},"f":{"0":4,"1":4,"2":6,"3":0,"4":2,"5":2,"6":0,"7":0},"b":{"0":[0,6],"1":[3,3],"2":[6,3],"3":[3,0],"4":[0,3],"5":[0,4]},"_coverageSchema":"1a1c01bbd47fc00a2c39e90264f33305004495a9","hash":"3076f351d24f43d3053ae59866527e8026fb23d6"}
,"E:\\sdk\\sdk2 - 副本\\src\\performance\\fetch.js": {"path":"E:\\sdk\\sdk2 - 副本\\src\\performance\\fetch.js","statementMap":{"0":{"start":{"line":3,"column":22},"end":{"line":3,"column":34}},"1":{"start":{"line":6,"column":4},"end":{"line":39,"column":5}},"2":{"start":{"line":7,"column":26},"end":{"line":7,"column":36}},"3":{"start":{"line":8,"column":27},"end":{"line":14,"column":9}},"4":{"start":{"line":16,"column":8},"end":{"line":38,"column":10}},"5":{"start":{"line":18,"column":12},"end":{"line":18,"column":43}},"6":{"start":{"line":19,"column":12},"end":{"line":19,"column":75}},"7":{"start":{"line":21,"column":25},"end":{"line":21,"column":36}},"8":{"start":{"line":22,"column":12},"end":{"line":22,"column":43}},"9":{"start":{"line":23,"column":12},"end":{"line":23,"column":40}},"10":{"start":{"line":25,"column":12},"end":{"line":25,"column":39}},"11":{"start":{"line":27,"column":12},"end":{"line":27,"column":22}},"12":{"start":{"line":30,"column":12},"end":{"line":30,"column":43}},"13":{"start":{"line":31,"column":12},"end":{"line":31,"column":75}},"14":{"start":{"line":32,"column":12},"end":{"line":32,"column":33}},"15":{"start":{"line":33,"column":12},"end":{"line":33,"column":38}},"16":{"start":{"line":35,"column":12},"end":{"line":35,"column":39}},"17":{"start":{"line":37,"column":12},"end":{"line":37,"column":21}},"18":{"start":{"line":43,"column":4},"end":{"line":43,"column":20}}},"fnMap":{"0":{"name":"overwriteFetch","decl":{"start":{"line":5,"column":9},"end":{"line":5,"column":23}},"loc":{"start":{"line":5,"column":26},"end":{"line":40,"column":1}},"line":5},"1":{"name":"newFetch","decl":{"start":{"line":6,"column":28},"end":{"line":6,"column":36}},"loc":{"start":{"line":6,"column":50},"end":{"line":39,"column":5}},"line":6},"2":{"name":"(anonymous_2)","decl":{"start":{"line":17,"column":14},"end":{"line":17,"column":15}},"loc":{"start":{"line":17,"column":21},"end":{"line":28,"column":9}},"line":17},"3":{"name":"(anonymous_3)","decl":{"start":{"line":29,"column":15},"end":{"line":29,"column":16}},"loc":{"start":{"line":29,"column":22},"end":{"line":38,"column":9}},"line":29},"4":{"name":"fetch","decl":{"start":{"line":42,"column":24},"end":{"line":42,"column":29}},"loc":{"start":{"line":42,"column":32},"end":{"line":44,"column":1}},"line":42}},"branchMap":{"0":{"loc":{"start":{"line":11,"column":21},"end":{"line":11,"column":44}},"type":"binary-expr","locations":[{"start":{"line":11,"column":21},"end":{"line":11,"column":35}},{"start":{"line":11,"column":39},"end":{"line":11,"column":44}}],"line":11}},"s":{"0":7,"1":5,"2":4,"3":4,"4":4,"5":4,"6":4,"7":4,"8":4,"9":4,"10":4,"11":4,"12":0,"13":0,"14":0,"15":0,"16":0,"17":0,"18":5},"f":{"0":5,"1":4,"2":4,"3":0,"4":5},"b":{"0":[4,3]},"_coverageSchema":"1a1c01bbd47fc00a2c39e90264f33305004495a9","hash":"5ab4db984748751ef3268c40a93581a6311cd0aa"}
,"E:\\sdk\\sdk2 - 副本\\src\\performance\\fps.js": {"path":"E:\\sdk\\sdk2 - 副本\\src\\performance\\fps.js","statementMap":{"0":{"start":{"line":6,"column":13},"end":{"line":7,"column":79}},"1":{"start":{"line":7,"column":46},"end":{"line":7,"column":77}},"2":{"start":{"line":10,"column":15},"end":{"line":10,"column":17}},"3":{"start":{"line":13,"column":16},"end":{"line":13,"column":17}},"4":{"start":{"line":14,"column":21},"end":{"line":14,"column":31}},"5":{"start":{"line":17,"column":8},"end":{"line":17,"column":15}},"6":{"start":{"line":18,"column":20},"end":{"line":18,"column":30}},"7":{"start":{"line":20,"column":8},"end":{"line":27,"column":9}},"8":{"start":{"line":22,"column":24},"end":{"line":22,"column":71}},"9":{"start":{"line":23,"column":12},"end":{"line":23,"column":28}},"10":{"start":{"line":25,"column":12},"end":{"line":25,"column":21}},"11":{"start":{"line":26,"column":12},"end":{"line":26,"column":28}},"12":{"start":{"line":30,"column":8},"end":{"line":38,"column":9}},"13":{"start":{"line":31,"column":12},"end":{"line":35,"column":15}},"14":{"start":{"line":37,"column":12},"end":{"line":37,"column":29}},"15":{"start":{"line":40,"column":8},"end":{"line":40,"column":26}},"16":{"start":{"line":43,"column":4},"end":{"line":43,"column":18}},"17":{"start":{"line":50,"column":16},"end":{"line":50,"column":17}},"18":{"start":{"line":51,"column":4},"end":{"line":61,"column":5}},"19":{"start":{"line":51,"column":17},"end":{"line":51,"column":18}},"20":{"start":{"line":52,"column":8},"end":{"line":56,"column":9}},"21":{"start":{"line":53,"column":12},"end":{"line":53,"column":19}},"22":{"start":{"line":55,"column":12},"end":{"line":55,"column":21}},"23":{"start":{"line":58,"column":8},"end":{"line":60,"column":9}},"24":{"start":{"line":59,"column":12},"end":{"line":59,"column":23}},"25":{"start":{"line":63,"column":4},"end":{"line":63,"column":16}}},"fnMap":{"0":{"name":"(anonymous_0)","decl":{"start":{"line":7,"column":30},"end":{"line":7,"column":31}},"loc":{"start":{"line":7,"column":44},"end":{"line":7,"column":79}},"line":7},"1":{"name":"fps","decl":{"start":{"line":12,"column":24},"end":{"line":12,"column":27}},"loc":{"start":{"line":12,"column":30},"end":{"line":44,"column":1}},"line":12},"2":{"name":"calculateFPS","decl":{"start":{"line":16,"column":13},"end":{"line":16,"column":25}},"loc":{"start":{"line":16,"column":28},"end":{"line":41,"column":5}},"line":16},"3":{"name":"isBlocking","decl":{"start":{"line":49,"column":16},"end":{"line":49,"column":26}},"loc":{"start":{"line":49,"column":58},"end":{"line":64,"column":1}},"line":49}},"branchMap":{"0":{"loc":{"start":{"line":6,"column":13},"end":{"line":7,"column":79}},"type":"cond-expr","locations":[{"start":{"line":7,"column":6},"end":{"line":7,"column":27}},{"start":{"line":7,"column":30},"end":{"line":7,"column":79}}],"line":6},"1":{"loc":{"start":{"line":20,"column":8},"end":{"line":27,"column":9}},"type":"if","locations":[{"start":{"line":20,"column":8},"end":{"line":27,"column":9}},{"start":{},"end":{}}],"line":20},"2":{"loc":{"start":{"line":30,"column":8},"end":{"line":38,"column":9}},"type":"if","locations":[{"start":{"line":30,"column":8},"end":{"line":38,"column":9}},{"start":{},"end":{}}],"line":30},"3":{"loc":{"start":{"line":49,"column":36},"end":{"line":49,"column":46}},"type":"default-arg","locations":[{"start":{"line":49,"column":44},"end":{"line":49,"column":46}}],"line":49},"4":{"loc":{"start":{"line":49,"column":48},"end":{"line":49,"column":56}},"type":"default-arg","locations":[{"start":{"line":49,"column":55},"end":{"line":49,"column":56}}],"line":49},"5":{"loc":{"start":{"line":52,"column":8},"end":{"line":56,"column":9}},"type":"if","locations":[{"start":{"line":52,"column":8},"end":{"line":56,"column":9}},{"start":{"line":54,"column":15},"end":{"line":56,"column":9}}],"line":52},"6":{"loc":{"start":{"line":52,"column":12},"end":{"line":52,"column":44}},"type":"binary-expr","locations":[{"start":{"line":52,"column":12},"end":{"line":52,"column":22}},{"start":{"line":52,"column":26},"end":{"line":52,"column":44}}],"line":52},"7":{"loc":{"start":{"line":58,"column":8},"end":{"line":60,"column":9}},"type":"if","locations":[{"start":{"line":58,"column":8},"end":{"line":60,"column":9}},{"start":{},"end":{}}],"line":58}},"s":{"0":3,"1":0,"2":3,"3":0,"4":0,"5":0,"6":0,"7":0,"8":0,"9":0,"10":0,"11":0,"12":0,"13":0,"14":0,"15":0,"16":0,"17":4,"18":4,"19":4,"20":16,"21":9,"22":7,"23":16,"24":2,"25":2},"f":{"0":0,"1":0,"2":0,"3":4},"b":{"0":[3,0],"1":[0,0],"2":[0,0],"3":[0],"4":[0],"5":[9,7],"6":[16,16],"7":[2,14]},"_coverageSchema":"1a1c01bbd47fc00a2c39e90264f33305004495a9","hash":"85ee1024dffeb10a0d52f8b93e2eb60060612ef4"}
,"E:\\sdk\\sdk2 - 副本\\src\\performance\\index.js": {"path":"E:\\sdk\\sdk2 - 副本\\src\\performance\\index.js","statementMap":{"0":{"start":{"line":15,"column":4},"end":{"line":15,"column":20}},"1":{"start":{"line":16,"column":4},"end":{"line":16,"column":18}},"2":{"start":{"line":17,"column":4},"end":{"line":17,"column":16}},"3":{"start":{"line":18,"column":4},"end":{"line":18,"column":16}},"4":{"start":{"line":19,"column":4},"end":{"line":19,"column":16}},"5":{"start":{"line":20,"column":4},"end":{"line":20,"column":9}},"6":{"start":{"line":21,"column":4},"end":{"line":21,"column":11}},"7":{"start":{"line":22,"column":4},"end":{"line":22,"column":9}},"8":{"start":{"line":23,"column":4},"end":{"line":23,"column":18}},"9":{"start":{"line":24,"column":4},"end":{"line":24,"column":29}},"10":{"start":{"line":26,"column":4},"end":{"line":28,"column":5}},"11":{"start":{"line":27,"column":8},"end":{"line":27,"column":54}}},"fnMap":{"0":{"name":"performance","decl":{"start":{"line":14,"column":24},"end":{"line":14,"column":35}},"loc":{"start":{"line":14,"column":38},"end":{"line":29,"column":1}},"line":14}},"branchMap":{"0":{"loc":{"start":{"line":26,"column":4},"end":{"line":28,"column":5}},"type":"if","locations":[{"start":{"line":26,"column":4},"end":{"line":28,"column":5}},{"start":{},"end":{}}],"line":26},"1":{"loc":{"start":{"line":26,"column":8},"end":{"line":26,"column":45}},"type":"binary-expr","locations":[{"start":{"line":26,"column":8},"end":{"line":26,"column":23}},{"start":{"line":26,"column":27},"end":{"line":26,"column":45}}],"line":26}},"s":{"0":4,"1":4,"2":4,"3":4,"4":4,"5":4,"6":4,"7":4,"8":4,"9":4,"10":4,"11":1},"f":{"0":4},"b":{"0":[1,3],"1":[4,1]},"_coverageSchema":"1a1c01bbd47fc00a2c39e90264f33305004495a9","hash":"e4998a5fd157bfce77f347a2a83bc9fd2d398d8b"}
,"E:\\sdk\\sdk2 - 副本\\src\\performance\\observeCLS.js": {"path":"E:\\sdk\\sdk2 - 副本\\src\\performance\\observeCLS.js","statementMap":{"0":{"start":{"line":6,"column":4},"end":{"line":6,"column":47}},"1":{"start":{"line":6,"column":41},"end":{"line":6,"column":47}},"2":{"start":{"line":8,"column":4},"end":{"line":10,"column":6}},"3":{"start":{"line":9,"column":8},"end":{"line":9,"column":20}},"4":{"start":{"line":13,"column":23},"end":{"line":13,"column":24}},"5":{"start":{"line":16,"column":25},"end":{"line":16,"column":27}},"6":{"start":{"line":18,"column":16},"end":{"line":25,"column":5}},"7":{"start":{"line":27,"column":25},"end":{"line":62,"column":5}},"8":{"start":{"line":28,"column":8},"end":{"line":61,"column":9}},"9":{"start":{"line":30,"column":12},"end":{"line":60,"column":13}},"10":{"start":{"line":31,"column":42},"end":{"line":31,"column":59}},"11":{"start":{"line":32,"column":41},"end":{"line":32,"column":82}},"12":{"start":{"line":40,"column":16},"end":{"line":50,"column":17}},"13":{"start":{"line":45,"column":20},"end":{"line":45,"column":47}},"14":{"start":{"line":46,"column":20},"end":{"line":46,"column":62}},"15":{"start":{"line":48,"column":20},"end":{"line":48,"column":46}},"16":{"start":{"line":49,"column":20},"end":{"line":49,"column":60}},"17":{"start":{"line":54,"column":16},"end":{"line":59,"column":17}},"18":{"start":{"line":55,"column":20},"end":{"line":55,"column":44}},"19":{"start":{"line":56,"column":20},"end":{"line":56,"column":48}},"20":{"start":{"line":57,"column":20},"end":{"line":57,"column":53}},"21":{"start":{"line":58,"column":20},"end":{"line":58,"column":50}},"22":{"start":{"line":64,"column":21},"end":{"line":64,"column":58}},"23":{"start":{"line":65,"column":4},"end":{"line":65,"column":62}},"24":{"start":{"line":68,"column":4},"end":{"line":72,"column":5}},"25":{"start":{"line":69,"column":8},"end":{"line":71,"column":10}},"26":{"start":{"line":70,"column":12},"end":{"line":70,"column":52}},"27":{"start":{"line":76,"column":19},"end":{"line":76,"column":33}},"28":{"start":{"line":77,"column":4},"end":{"line":77,"column":26}},"29":{"start":{"line":78,"column":4},"end":{"line":78,"column":25}},"30":{"start":{"line":80,"column":4},"end":{"line":80,"column":17}}},"fnMap":{"0":{"name":"observeCLS","decl":{"start":{"line":5,"column":24},"end":{"line":5,"column":34}},"loc":{"start":{"line":5,"column":37},"end":{"line":73,"column":1}},"line":5},"1":{"name":"(anonymous_1)","decl":{"start":{"line":8,"column":21},"end":{"line":8,"column":22}},"loc":{"start":{"line":8,"column":27},"end":{"line":10,"column":5}},"line":8},"2":{"name":"(anonymous_2)","decl":{"start":{"line":27,"column":25},"end":{"line":27,"column":26}},"loc":{"start":{"line":27,"column":35},"end":{"line":62,"column":5}},"line":27},"3":{"name":"(anonymous_3)","decl":{"start":{"line":69,"column":17},"end":{"line":69,"column":18}},"loc":{"start":{"line":69,"column":23},"end":{"line":71,"column":9}},"line":69},"4":{"name":"formatCLSEntry","decl":{"start":{"line":75,"column":9},"end":{"line":75,"column":23}},"loc":{"start":{"line":75,"column":31},"end":{"line":81,"column":1}},"line":75}},"branchMap":{"0":{"loc":{"start":{"line":6,"column":4},"end":{"line":6,"column":47}},"type":"if","locations":[{"start":{"line":6,"column":4},"end":{"line":6,"column":47}},{"start":{},"end":{}}],"line":6},"1":{"loc":{"start":{"line":30,"column":12},"end":{"line":60,"column":13}},"type":"if","locations":[{"start":{"line":30,"column":12},"end":{"line":60,"column":13}},{"start":{},"end":{}}],"line":30},"2":{"loc":{"start":{"line":40,"column":16},"end":{"line":50,"column":17}},"type":"if","locations":[{"start":{"line":40,"column":16},"end":{"line":50,"column":17}},{"start":{"line":47,"column":23},"end":{"line":50,"column":17}}],"line":40},"3":{"loc":{"start":{"line":41,"column":20},"end":{"line":43,"column":75}},"type":"binary-expr","locations":[{"start":{"line":41,"column":20},"end":{"line":41,"column":32}},{"start":{"line":42,"column":23},"end":{"line":42,"column":74}},{"start":{"line":43,"column":23},"end":{"line":43,"column":75}}],"line":41},"4":{"loc":{"start":{"line":54,"column":16},"end":{"line":59,"column":17}},"type":"if","locations":[{"start":{"line":54,"column":16},"end":{"line":59,"column":17}},{"start":{},"end":{}}],"line":54},"5":{"loc":{"start":{"line":68,"column":4},"end":{"line":72,"column":5}},"type":"if","locations":[{"start":{"line":68,"column":4},"end":{"line":72,"column":5}},{"start":{},"end":{}}],"line":68}},"s":{"0":5,"1":1,"2":4,"3":0,"4":4,"5":4,"6":4,"7":4,"8":4,"9":4,"10":3,"11":3,"12":3,"13":1,"14":1,"15":2,"16":2,"17":3,"18":3,"19":3,"20":3,"21":3,"22":4,"23":4,"24":4,"25":4,"26":0,"27":3,"28":3,"29":3,"30":3},"f":{"0":5,"1":0,"2":4,"3":0,"4":3},"b":{"0":[1,4],"1":[3,1],"2":[1,2],"3":[3,1,1],"4":[3,0],"5":[4,0]},"_coverageSchema":"1a1c01bbd47fc00a2c39e90264f33305004495a9","hash":"12fdaede021bab920ff37650f89849f134764f12"}
,"E:\\sdk\\sdk2 - 副本\\src\\performance\\observeEntries.js": {"path":"E:\\sdk\\sdk2 - 副本\\src\\performance\\observeEntries.js","statementMap":{"0":{"start":{"line":6,"column":4},"end":{"line":9,"column":6}},"1":{"start":{"line":7,"column":8},"end":{"line":7,"column":32}},"2":{"start":{"line":8,"column":8},"end":{"line":8,"column":34}},"3":{"start":{"line":12,"column":26},"end":{"line":12,"column":31}},"4":{"start":{"line":15,"column":21},"end":{"line":15,"column":63}},"5":{"start":{"line":16,"column":8},"end":{"line":51,"column":9}},"6":{"start":{"line":18,"column":12},"end":{"line":27,"column":13}},"7":{"start":{"line":20,"column":16},"end":{"line":20,"column":47}},"8":{"start":{"line":20,"column":41},"end":{"line":20,"column":47}},"9":{"start":{"line":22,"column":16},"end":{"line":24,"column":17}},"10":{"start":{"line":23,"column":20},"end":{"line":23,"column":41}},"11":{"start":{"line":26,"column":16},"end":{"line":26,"column":42}},"12":{"start":{"line":30,"column":12},"end":{"line":32,"column":13}},"13":{"start":{"line":31,"column":16},"end":{"line":31,"column":22}},"14":{"start":{"line":34,"column":12},"end":{"line":50,"column":14}},"15":{"start":{"line":55,"column":4},"end":{"line":61,"column":5}},"16":{"start":{"line":56,"column":8},"end":{"line":56,"column":56}},"17":{"start":{"line":57,"column":8},"end":{"line":57,"column":61}},"18":{"start":{"line":59,"column":21},"end":{"line":59,"column":67}},"19":{"start":{"line":60,"column":8},"end":{"line":60,"column":26}},"20":{"start":{"line":65,"column":20},"end":{"line":65,"column":57}},"21":{"start":{"line":66,"column":17},"end":{"line":66,"column":90}},"22":{"start":{"line":67,"column":0},"end":{"line":70,"column":1}},"23":{"start":{"line":69,"column":4},"end":{"line":69,"column":29}},"24":{"start":{"line":73,"column":4},"end":{"line":73,"column":37}},"25":{"start":{"line":78,"column":4},"end":{"line":78,"column":96}}},"fnMap":{"0":{"name":"observeEntries","decl":{"start":{"line":5,"column":24},"end":{"line":5,"column":38}},"loc":{"start":{"line":5,"column":41},"end":{"line":10,"column":1}},"line":5},"1":{"name":"(anonymous_1)","decl":{"start":{"line":6,"column":21},"end":{"line":6,"column":22}},"loc":{"start":{"line":6,"column":27},"end":{"line":9,"column":5}},"line":6},"2":{"name":"observeEvent","decl":{"start":{"line":13,"column":16},"end":{"line":13,"column":28}},"loc":{"start":{"line":13,"column":40},"end":{"line":62,"column":1}},"line":13},"3":{"name":"entryHandler","decl":{"start":{"line":14,"column":13},"end":{"line":14,"column":25}},"loc":{"start":{"line":14,"column":32},"end":{"line":52,"column":5}},"line":14},"4":{"name":"filter","decl":{"start":{"line":72,"column":9},"end":{"line":72,"column":15}},"loc":{"start":{"line":72,"column":22},"end":{"line":74,"column":1}},"line":72},"5":{"name":"isCache","decl":{"start":{"line":76,"column":9},"end":{"line":76,"column":16}},"loc":{"start":{"line":76,"column":24},"end":{"line":79,"column":1}},"line":76}},"branchMap":{"0":{"loc":{"start":{"line":15,"column":21},"end":{"line":15,"column":63}},"type":"cond-expr","locations":[{"start":{"line":15,"column":39},"end":{"line":15,"column":56}},{"start":{"line":15,"column":59},"end":{"line":15,"column":63}}],"line":15},"1":{"loc":{"start":{"line":18,"column":12},"end":{"line":27,"column":13}},"type":"if","locations":[{"start":{"line":18,"column":12},"end":{"line":27,"column":13}},{"start":{},"end":{}}],"line":18},"2":{"loc":{"start":{"line":20,"column":16},"end":{"line":20,"column":47}},"type":"if","locations":[{"start":{"line":20,"column":16},"end":{"line":20,"column":47}},{"start":{},"end":{}}],"line":20},"3":{"loc":{"start":{"line":22,"column":16},"end":{"line":24,"column":17}},"type":"if","locations":[{"start":{"line":22,"column":16},"end":{"line":24,"column":17}},{"start":{},"end":{}}],"line":22},"4":{"loc":{"start":{"line":30,"column":12},"end":{"line":32,"column":13}},"type":"if","locations":[{"start":{"line":30,"column":12},"end":{"line":32,"column":13}},{"start":{},"end":{}}],"line":30},"5":{"loc":{"start":{"line":30,"column":16},"end":{"line":30,"column":101}},"type":"binary-expr","locations":[{"start":{"line":30,"column":17},"end":{"line":30,"column":39}},{"start":{"line":30,"column":43},"end":{"line":30,"column":69}},{"start":{"line":30,"column":74},"end":{"line":30,"column":101}}],"line":30},"6":{"loc":{"start":{"line":55,"column":4},"end":{"line":61,"column":5}},"type":"if","locations":[{"start":{"line":55,"column":4},"end":{"line":61,"column":5}},{"start":{"line":58,"column":11},"end":{"line":61,"column":5}}],"line":55},"7":{"loc":{"start":{"line":66,"column":17},"end":{"line":66,"column":90}},"type":"binary-expr","locations":[{"start":{"line":66,"column":17},"end":{"line":66,"column":51}},{"start":{"line":66,"column":55},"end":{"line":66,"column":90}}],"line":66},"8":{"loc":{"start":{"line":67,"column":0},"end":{"line":70,"column":1}},"type":"if","locations":[{"start":{"line":67,"column":0},"end":{"line":70,"column":1}},{"start":{},"end":{}}],"line":67},"9":{"loc":{"start":{"line":78,"column":11},"end":{"line":78,"column":96}},"type":"binary-expr","locations":[{"start":{"line":78,"column":11},"end":{"line":78,"column":35}},{"start":{"line":78,"column":40},"end":{"line":78,"column":64}},{"start":{"line":78,"column":68},"end":{"line":78,"column":95}}],"line":78}},"s":{"0":0,"1":0,"2":0,"3":3,"4":3,"5":3,"6":3,"7":0,"8":0,"9":0,"10":0,"11":0,"12":3,"13":2,"14":1,"15":3,"16":3,"17":3,"18":0,"19":0,"20":3,"21":3,"22":3,"23":0,"24":2,"25":1},"f":{"0":0,"1":0,"2":3,"3":3,"4":2,"5":1},"b":{"0":[3,0],"1":[0,3],"2":[0,0],"3":[0,0],"4":[2,1],"5":[3,1,2],"6":[3,0],"7":[3,0],"8":[0,3],"9":[1,1,1]},"_coverageSchema":"1a1c01bbd47fc00a2c39e90264f33305004495a9","hash":"49b5bd621237ba003745c1678db62c5b28273f05"}
,"E:\\sdk\\sdk2 - 副本\\src\\performance\\observeFID.js": {"path":"E:\\sdk\\sdk2 - 副本\\src\\performance\\observeFID.js","statementMap":{"0":{"start":{"line":7,"column":4},"end":{"line":9,"column":6}},"1":{"start":{"line":8,"column":8},"end":{"line":8,"column":20}},"2":{"start":{"line":11,"column":4},"end":{"line":33,"column":5}},"3":{"start":{"line":12,"column":29},"end":{"line":28,"column":9}},"4":{"start":{"line":13,"column":12},"end":{"line":15,"column":13}},"5":{"start":{"line":14,"column":16},"end":{"line":14,"column":37}},"6":{"start":{"line":17,"column":12},"end":{"line":27,"column":13}},"7":{"start":{"line":18,"column":29},"end":{"line":18,"column":43}},"8":{"start":{"line":19,"column":16},"end":{"line":19,"column":45}},"9":{"start":{"line":20,"column":16},"end":{"line":20,"column":38}},"10":{"start":{"line":21,"column":16},"end":{"line":21,"column":42}},"11":{"start":{"line":22,"column":16},"end":{"line":22,"column":41}},"12":{"start":{"line":23,"column":16},"end":{"line":23,"column":43}},"13":{"start":{"line":24,"column":16},"end":{"line":24,"column":38}},"14":{"start":{"line":26,"column":16},"end":{"line":26,"column":37}},"15":{"start":{"line":30,"column":25},"end":{"line":30,"column":62}},"16":{"start":{"line":31,"column":8},"end":{"line":31,"column":65}},"17":{"start":{"line":32,"column":8},"end":{"line":32,"column":14}},"18":{"start":{"line":36,"column":4},"end":{"line":36,"column":17}},"19":{"start":{"line":40,"column":4},"end":{"line":40,"column":42}},"20":{"start":{"line":45,"column":4},"end":{"line":67,"column":5}},"21":{"start":{"line":49,"column":28},"end":{"line":49,"column":50}},"22":{"start":{"line":50,"column":20},"end":{"line":50,"column":64}},"23":{"start":{"line":53,"column":25},"end":{"line":53,"column":46}},"24":{"start":{"line":55,"column":8},"end":{"line":64,"column":10}},"25":{"start":{"line":66,"column":8},"end":{"line":66,"column":49}},"26":{"start":{"line":71,"column":23},"end":{"line":75,"column":5}},"27":{"start":{"line":77,"column":4},"end":{"line":77,"column":91}},"28":{"start":{"line":77,"column":33},"end":{"line":77,"column":90}}},"fnMap":{"0":{"name":"observeFID","decl":{"start":{"line":5,"column":24},"end":{"line":5,"column":34}},"loc":{"start":{"line":5,"column":37},"end":{"line":37,"column":1}},"line":5},"1":{"name":"(anonymous_1)","decl":{"start":{"line":7,"column":21},"end":{"line":7,"column":22}},"loc":{"start":{"line":7,"column":27},"end":{"line":9,"column":5}},"line":7},"2":{"name":"(anonymous_2)","decl":{"start":{"line":12,"column":29},"end":{"line":12,"column":30}},"loc":{"start":{"line":12,"column":39},"end":{"line":28,"column":9}},"line":12},"3":{"name":"fidPolyfill","decl":{"start":{"line":39,"column":9},"end":{"line":39,"column":20}},"loc":{"start":{"line":39,"column":23},"end":{"line":41,"column":1}},"line":39},"4":{"name":"onInput","decl":{"start":{"line":43,"column":9},"end":{"line":43,"column":16}},"loc":{"start":{"line":43,"column":24},"end":{"line":68,"column":1}},"line":43},"5":{"name":"eachEventType","decl":{"start":{"line":70,"column":9},"end":{"line":70,"column":22}},"loc":{"start":{"line":70,"column":33},"end":{"line":78,"column":1}},"line":70},"6":{"name":"(anonymous_6)","decl":{"start":{"line":77,"column":23},"end":{"line":77,"column":24}},"loc":{"start":{"line":77,"column":33},"end":{"line":77,"column":90}},"line":77}},"branchMap":{"0":{"loc":{"start":{"line":11,"column":4},"end":{"line":33,"column":5}},"type":"if","locations":[{"start":{"line":11,"column":4},"end":{"line":33,"column":5}},{"start":{},"end":{}}],"line":11},"1":{"loc":{"start":{"line":13,"column":12},"end":{"line":15,"column":13}},"type":"if","locations":[{"start":{"line":13,"column":12},"end":{"line":15,"column":13}},{"start":{},"end":{}}],"line":13},"2":{"loc":{"start":{"line":45,"column":4},"end":{"line":67,"column":5}},"type":"if","locations":[{"start":{"line":45,"column":4},"end":{"line":67,"column":5}},{"start":{},"end":{}}],"line":45},"3":{"loc":{"start":{"line":50,"column":20},"end":{"line":50,"column":64}},"type":"cond-expr","locations":[{"start":{"line":50,"column":34},"end":{"line":50,"column":44}},{"start":{"line":50,"column":47},"end":{"line":50,"column":64}}],"line":50}},"s":{"0":4,"1":0,"2":4,"3":3,"4":2,"5":2,"6":2,"7":2,"8":2,"9":2,"10":2,"11":2,"12":2,"13":2,"14":2,"15":3,"16":3,"17":3,"18":1,"19":1,"20":0,"21":0,"22":0,"23":0,"24":0,"25":0,"26":1,"27":1,"28":3},"f":{"0":4,"1":0,"2":2,"3":1,"4":0,"5":1,"6":3},"b":{"0":[3,1],"1":[2,0],"2":[0,0],"3":[0,0]},"_coverageSchema":"1a1c01bbd47fc00a2c39e90264f33305004495a9","hash":"405af9c56b35dd616e34a7b6bb2d0dd62b03e58f"}
,"E:\\sdk\\sdk2 - 副本\\src\\performance\\observeFirstScreenPaint.js": {"path":"E:\\sdk\\sdk2 - 副本\\src\\performance\\observeFirstScreenPaint.js","statementMap":{"0":{"start":{"line":5,"column":17},"end":{"line":5,"column":22}},"1":{"start":{"line":6,"column":0},"end":{"line":8,"column":2}},"2":{"start":{"line":7,"column":4},"end":{"line":7,"column":21}},"3":{"start":{"line":13,"column":4},"end":{"line":13,"column":23}},"4":{"start":{"line":14,"column":4},"end":{"line":32,"column":11}},"5":{"start":{"line":19,"column":8},"end":{"line":31,"column":9}},"6":{"start":{"line":20,"column":12},"end":{"line":20,"column":45}},"7":{"start":{"line":21,"column":12},"end":{"line":26,"column":14}},"8":{"start":{"line":28,"column":12},"end":{"line":28,"column":26}},"9":{"start":{"line":30,"column":12},"end":{"line":30,"column":28}},"10":{"start":{"line":35,"column":14},"end":{"line":35,"column":16}},"11":{"start":{"line":39,"column":4},"end":{"line":39,"column":33}},"12":{"start":{"line":39,"column":27},"end":{"line":39,"column":33}},"13":{"start":{"line":42,"column":17},"end":{"line":42,"column":82}},"14":{"start":{"line":44,"column":26},"end":{"line":44,"column":61}},"15":{"start":{"line":45,"column":4},"end":{"line":73,"column":6}},"16":{"start":{"line":46,"column":8},"end":{"line":46,"column":24}},"17":{"start":{"line":47,"column":22},"end":{"line":50,"column":9}},"18":{"start":{"line":52,"column":8},"end":{"line":54,"column":10}},"19":{"start":{"line":53,"column":12},"end":{"line":53,"column":47}},"20":{"start":{"line":56,"column":8},"end":{"line":68,"column":9}},"21":{"start":{"line":57,"column":12},"end":{"line":67,"column":13}},"22":{"start":{"line":58,"column":16},"end":{"line":66,"column":17}},"23":{"start":{"line":59,"column":20},"end":{"line":65,"column":21}},"24":{"start":{"line":64,"column":24},"end":{"line":64,"column":49}},"25":{"start":{"line":70,"column":8},"end":{"line":72,"column":9}},"26":{"start":{"line":71,"column":12},"end":{"line":71,"column":31}},"27":{"start":{"line":76,"column":4},"end":{"line":79,"column":6}},"28":{"start":{"line":81,"column":4},"end":{"line":91,"column":6}},"29":{"start":{"line":82,"column":8},"end":{"line":90,"column":10}},"30":{"start":{"line":83,"column":12},"end":{"line":89,"column":14}},"31":{"start":{"line":95,"column":20},"end":{"line":95,"column":21}},"32":{"start":{"line":96,"column":4},"end":{"line":104,"column":6}},"33":{"start":{"line":97,"column":8},"end":{"line":103,"column":9}},"34":{"start":{"line":99,"column":12},"end":{"line":102,"column":13}},"35":{"start":{"line":100,"column":16},"end":{"line":100,"column":43}},"36":{"start":{"line":101,"column":16},"end":{"line":101,"column":21}},"37":{"start":{"line":112,"column":4},"end":{"line":120,"column":6}},"38":{"start":{"line":113,"column":8},"end":{"line":119,"column":9}},"39":{"start":{"line":118,"column":12},"end":{"line":118,"column":40}},"40":{"start":{"line":122,"column":4},"end":{"line":122,"column":20}},"41":{"start":{"line":127,"column":4},"end":{"line":127,"column":70}},"42":{"start":{"line":127,"column":58},"end":{"line":127,"column":70}},"43":{"start":{"line":130,"column":4},"end":{"line":132,"column":5}},"44":{"start":{"line":131,"column":8},"end":{"line":131,"column":20}},"45":{"start":{"line":134,"column":4},"end":{"line":134,"column":15}},"46":{"start":{"line":139,"column":4},"end":{"line":141,"column":5}},"47":{"start":{"line":140,"column":8},"end":{"line":140,"column":20}},"48":{"start":{"line":144,"column":4},"end":{"line":146,"column":5}},"49":{"start":{"line":145,"column":8},"end":{"line":145,"column":19}},"50":{"start":{"line":149,"column":4},"end":{"line":149,"column":45}},"51":{"start":{"line":152,"column":22},"end":{"line":152,"column":39}},"52":{"start":{"line":153,"column":23},"end":{"line":153,"column":41}},"53":{"start":{"line":157,"column":21},"end":{"line":157,"column":48}},"54":{"start":{"line":158,"column":4},"end":{"line":165,"column":5}},"55":{"start":{"line":164,"column":8},"end":{"line":164,"column":19}}},"fnMap":{"0":{"name":"(anonymous_0)","decl":{"start":{"line":6,"column":17},"end":{"line":6,"column":18}},"loc":{"start":{"line":6,"column":23},"end":{"line":8,"column":1}},"line":6},"1":{"name":"checkDOMChange","decl":{"start":{"line":12,"column":9},"end":{"line":12,"column":23}},"loc":{"start":{"line":12,"column":26},"end":{"line":33,"column":1}},"line":12},"2":{"name":"(anonymous_2)","decl":{"start":{"line":14,"column":23},"end":{"line":14,"column":24}},"loc":{"start":{"line":14,"column":29},"end":{"line":32,"column":5}},"line":14},"3":{"name":"observeFirstScreenPaint","decl":{"start":{"line":36,"column":24},"end":{"line":36,"column":47}},"loc":{"start":{"line":36,"column":50},"end":{"line":92,"column":1}},"line":36},"4":{"name":"(anonymous_4)","decl":{"start":{"line":45,"column":36},"end":{"line":45,"column":37}},"loc":{"start":{"line":45,"column":52},"end":{"line":73,"column":5}},"line":45},"5":{"name":"(anonymous_5)","decl":{"start":{"line":52,"column":13},"end":{"line":52,"column":14}},"loc":{"start":{"line":52,"column":19},"end":{"line":54,"column":9}},"line":52},"6":{"name":"(anonymous_6)","decl":{"start":{"line":81,"column":21},"end":{"line":81,"column":22}},"loc":{"start":{"line":81,"column":30},"end":{"line":91,"column":5}},"line":81},"7":{"name":"(anonymous_7)","decl":{"start":{"line":82,"column":30},"end":{"line":82,"column":31}},"loc":{"start":{"line":82,"column":36},"end":{"line":90,"column":9}},"line":82},"8":{"name":"getRenderTime","decl":{"start":{"line":94,"column":9},"end":{"line":94,"column":22}},"loc":{"start":{"line":94,"column":25},"end":{"line":123,"column":1}},"line":94},"9":{"name":"(anonymous_9)","decl":{"start":{"line":96,"column":20},"end":{"line":96,"column":21}},"loc":{"start":{"line":96,"column":29},"end":{"line":104,"column":5}},"line":96},"10":{"name":"(anonymous_10)","decl":{"start":{"line":112,"column":53},"end":{"line":112,"column":54}},"loc":{"start":{"line":112,"column":61},"end":{"line":120,"column":5}},"line":112},"11":{"name":"needToCalculate","decl":{"start":{"line":125,"column":9},"end":{"line":125,"column":24}},"loc":{"start":{"line":125,"column":31},"end":{"line":135,"column":1}},"line":125},"12":{"name":"isInclude","decl":{"start":{"line":137,"column":9},"end":{"line":137,"column":18}},"loc":{"start":{"line":137,"column":30},"end":{"line":150,"column":1}},"line":137},"13":{"name":"isInScreen","decl":{"start":{"line":156,"column":9},"end":{"line":156,"column":19}},"loc":{"start":{"line":156,"column":25},"end":{"line":166,"column":1}},"line":156}},"branchMap":{"0":{"loc":{"start":{"line":19,"column":8},"end":{"line":31,"column":9}},"type":"if","locations":[{"start":{"line":19,"column":8},"end":{"line":31,"column":9}},{"start":{"line":29,"column":15},"end":{"line":31,"column":9}}],"line":19},"1":{"loc":{"start":{"line":19,"column":12},"end":{"line":19,"column":37}},"type":"binary-expr","locations":[{"start":{"line":19,"column":12},"end":{"line":19,"column":22}},{"start":{"line":19,"column":26},"end":{"line":19,"column":37}}],"line":19},"2":{"loc":{"start":{"line":20,"column":12},"end":{"line":20,"column":45}},"type":"binary-expr","locations":[{"start":{"line":20,"column":12},"end":{"line":20,"column":20}},{"start":{"line":20,"column":24},"end":{"line":20,"column":45}}],"line":20},"3":{"loc":{"start":{"line":39,"column":4},"end":{"line":39,"column":33}},"type":"if","locations":[{"start":{"line":39,"column":4},"end":{"line":39,"column":33}},{"start":{},"end":{}}],"line":39},"4":{"loc":{"start":{"line":42,"column":17},"end":{"line":42,"column":82}},"type":"cond-expr","locations":[{"start":{"line":42,"column":48},"end":{"line":42,"column":69}},{"start":{"line":42,"column":72},"end":{"line":42,"column":82}}],"line":42},"5":{"loc":{"start":{"line":57,"column":12},"end":{"line":67,"column":13}},"type":"if","locations":[{"start":{"line":57,"column":12},"end":{"line":67,"column":13}},{"start":{},"end":{}}],"line":57},"6":{"loc":{"start":{"line":59,"column":20},"end":{"line":65,"column":21}},"type":"if","locations":[{"start":{"line":59,"column":20},"end":{"line":65,"column":21}},{"start":{},"end":{}}],"line":59},"7":{"loc":{"start":{"line":60,"column":24},"end":{"line":62,"column":59}},"type":"binary-expr","locations":[{"start":{"line":60,"column":24},"end":{"line":60,"column":43}},{"start":{"line":61,"column":27},"end":{"line":61,"column":64}},{"start":{"line":62,"column":27},"end":{"line":62,"column":59}}],"line":60},"8":{"loc":{"start":{"line":70,"column":8},"end":{"line":72,"column":9}},"type":"if","locations":[{"start":{"line":70,"column":8},"end":{"line":72,"column":9}},{"start":{},"end":{}}],"line":70},"9":{"loc":{"start":{"line":99,"column":12},"end":{"line":102,"column":13}},"type":"if","locations":[{"start":{"line":99,"column":12},"end":{"line":102,"column":13}},{"start":{},"end":{}}],"line":99},"10":{"loc":{"start":{"line":99,"column":16},"end":{"line":99,"column":88}},"type":"binary-expr","locations":[{"start":{"line":99,"column":16},"end":{"line":99,"column":32}},{"start":{"line":99,"column":36},"end":{"line":99,"column":63}},{"start":{"line":99,"column":67},"end":{"line":99,"column":88}}],"line":99},"11":{"loc":{"start":{"line":113,"column":8},"end":{"line":119,"column":9}},"type":"if","locations":[{"start":{"line":113,"column":8},"end":{"line":119,"column":9}},{"start":{},"end":{}}],"line":113},"12":{"loc":{"start":{"line":114,"column":12},"end":{"line":116,"column":43}},"type":"binary-expr","locations":[{"start":{"line":114,"column":12},"end":{"line":114,"column":40}},{"start":{"line":115,"column":15},"end":{"line":115,"column":42}},{"start":{"line":116,"column":15},"end":{"line":116,"column":43}}],"line":114},"13":{"loc":{"start":{"line":127,"column":4},"end":{"line":127,"column":70}},"type":"if","locations":[{"start":{"line":127,"column":4},"end":{"line":127,"column":70}},{"start":{},"end":{}}],"line":127},"14":{"loc":{"start":{"line":130,"column":4},"end":{"line":132,"column":5}},"type":"if","locations":[{"start":{"line":130,"column":4},"end":{"line":132,"column":5}},{"start":{},"end":{}}],"line":130},"15":{"loc":{"start":{"line":130,"column":8},"end":{"line":130,"column":67}},"type":"binary-expr","locations":[{"start":{"line":130,"column":8},"end":{"line":130,"column":30}},{"start":{"line":130,"column":34},"end":{"line":130,"column":48}},{"start":{"line":130,"column":52},"end":{"line":130,"column":67}}],"line":130},"16":{"loc":{"start":{"line":139,"column":4},"end":{"line":141,"column":5}},"type":"if","locations":[{"start":{"line":139,"column":4},"end":{"line":141,"column":5}},{"start":{},"end":{}}],"line":139},"17":{"loc":{"start":{"line":139,"column":8},"end":{"line":139,"column":50}},"type":"binary-expr","locations":[{"start":{"line":139,"column":8},"end":{"line":139,"column":13}},{"start":{"line":139,"column":17},"end":{"line":139,"column":50}}],"line":139},"18":{"loc":{"start":{"line":144,"column":4},"end":{"line":146,"column":5}},"type":"if","locations":[{"start":{"line":144,"column":4},"end":{"line":146,"column":5}},{"start":{},"end":{}}],"line":144},"19":{"loc":{"start":{"line":158,"column":4},"end":{"line":165,"column":5}},"type":"if","locations":[{"start":{"line":158,"column":4},"end":{"line":165,"column":5}},{"start":{},"end":{}}],"line":158},"20":{"loc":{"start":{"line":159,"column":8},"end":{"line":162,"column":40}},"type":"binary-expr","locations":[{"start":{"line":159,"column":8},"end":{"line":159,"column":26}},{"start":{"line":160,"column":11},"end":{"line":160,"column":40}},{"start":{"line":161,"column":11},"end":{"line":161,"column":28}},{"start":{"line":162,"column":11},"end":{"line":162,"column":40}}],"line":159}},"s":{"0":3,"1":3,"2":3,"3":0,"4":0,"5":0,"6":0,"7":0,"8":0,"9":0,"10":3,"11":2,"12":1,"13":1,"14":1,"15":1,"16":0,"17":0,"18":0,"19":0,"20":0,"21":0,"22":0,"23":0,"24":0,"25":0,"26":0,"27":1,"28":1,"29":0,"30":0,"31":0,"32":0,"33":0,"34":0,"35":0,"36":0,"37":0,"38":0,"39":0,"40":0,"41":0,"42":0,"43":0,"44":0,"45":0,"46":0,"47":0,"48":0,"49":0,"50":0,"51":3,"52":3,"53":0,"54":0,"55":0},"f":{"0":3,"1":0,"2":0,"3":2,"4":0,"5":0,"6":0,"7":0,"8":0,"9":0,"10":0,"11":0,"12":0,"13":0},"b":{"0":[0,0],"1":[0,0],"2":[0,0],"3":[1,1],"4":[1,0],"5":[0,0],"6":[0,0],"7":[0,0,0],"8":[0,0],"9":[0,0],"10":[0,0,0],"11":[0,0],"12":[0,0,0],"13":[0,0],"14":[0,0],"15":[0,0,0],"16":[0,0],"17":[0,0],"18":[0,0],"19":[0,0],"20":[0,0,0,0]},"_coverageSchema":"1a1c01bbd47fc00a2c39e90264f33305004495a9","hash":"fe7e12cdc936f1892ed80f36b41e13e15d640d2c"}
,"E:\\sdk\\sdk2 - 副本\\src\\performance\\observeLCP.js": {"path":"E:\\sdk\\sdk2 - 副本\\src\\performance\\observeLCP.js","statementMap":{"0":{"start":{"line":5,"column":14},"end":{"line":5,"column":19}},"1":{"start":{"line":7,"column":4},"end":{"line":7,"column":18}},"2":{"start":{"line":11,"column":4},"end":{"line":14,"column":5}},"3":{"start":{"line":12,"column":8},"end":{"line":12,"column":22}},"4":{"start":{"line":13,"column":8},"end":{"line":13,"column":14}},"5":{"start":{"line":16,"column":19},"end":{"line":16,"column":23}},"6":{"start":{"line":19,"column":25},"end":{"line":67,"column":5}},"7":{"start":{"line":20,"column":8},"end":{"line":20,"column":22}},"8":{"start":{"line":23,"column":8},"end":{"line":25,"column":9}},"9":{"start":{"line":24,"column":12},"end":{"line":24,"column":33}},"10":{"start":{"line":28,"column":8},"end":{"line":66,"column":9}},"11":{"start":{"line":29,"column":25},"end":{"line":29,"column":39}},"12":{"start":{"line":30,"column":12},"end":{"line":30,"column":32}},"13":{"start":{"line":56,"column":31},"end":{"line":63,"column":13}},"14":{"start":{"line":65,"column":12},"end":{"line":65,"column":39}},"15":{"start":{"line":69,"column":4},"end":{"line":69,"column":52}},"16":{"start":{"line":70,"column":4},"end":{"line":70,"column":74}},"17":{"start":{"line":73,"column":4},"end":{"line":85,"column":6}},"18":{"start":{"line":75,"column":8},"end":{"line":84,"column":10}},"19":{"start":{"line":76,"column":12},"end":{"line":83,"column":14}}},"fnMap":{"0":{"name":"isLCPDone","decl":{"start":{"line":6,"column":16},"end":{"line":6,"column":25}},"loc":{"start":{"line":6,"column":28},"end":{"line":8,"column":1}},"line":6},"1":{"name":"observeLCP","decl":{"start":{"line":10,"column":24},"end":{"line":10,"column":34}},"loc":{"start":{"line":10,"column":37},"end":{"line":86,"column":1}},"line":10},"2":{"name":"(anonymous_2)","decl":{"start":{"line":19,"column":25},"end":{"line":19,"column":26}},"loc":{"start":{"line":19,"column":35},"end":{"line":67,"column":5}},"line":19},"3":{"name":"(anonymous_3)","decl":{"start":{"line":73,"column":21},"end":{"line":73,"column":22}},"loc":{"start":{"line":73,"column":30},"end":{"line":85,"column":5}},"line":73},"4":{"name":"(anonymous_4)","decl":{"start":{"line":75,"column":30},"end":{"line":75,"column":31}},"loc":{"start":{"line":75,"column":36},"end":{"line":84,"column":9}},"line":75}},"branchMap":{"0":{"loc":{"start":{"line":11,"column":4},"end":{"line":14,"column":5}},"type":"if","locations":[{"start":{"line":11,"column":4},"end":{"line":14,"column":5}},{"start":{},"end":{}}],"line":11},"1":{"loc":{"start":{"line":23,"column":8},"end":{"line":25,"column":9}},"type":"if","locations":[{"start":{"line":23,"column":8},"end":{"line":25,"column":9}},{"start":{},"end":{}}],"line":23}},"s":{"0":8,"1":3,"2":5,"3":1,"4":1,"5":4,"6":4,"7":3,"8":3,"9":3,"10":3,"11":3,"12":3,"13":3,"14":3,"15":4,"16":4,"17":4,"18":0,"19":0},"f":{"0":3,"1":5,"2":3,"3":0,"4":0},"b":{"0":[1,4],"1":[3,0]},"_coverageSchema":"1a1c01bbd47fc00a2c39e90264f33305004495a9","hash":"0d8c294b63d390082301cfa7e2ba7cbeaef30de1"}
,"E:\\sdk\\sdk2 - 副本\\src\\performance\\observePaint.js": {"path":"E:\\sdk\\sdk2 - 副本\\src\\performance\\observePaint.js","statementMap":{"0":{"start":{"line":6,"column":4},"end":{"line":6,"column":47}},"1":{"start":{"line":6,"column":41},"end":{"line":6,"column":47}},"2":{"start":{"line":8,"column":25},"end":{"line":28,"column":5}},"3":{"start":{"line":9,"column":8},"end":{"line":27,"column":9}},"4":{"start":{"line":12,"column":12},"end":{"line":14,"column":13}},"5":{"start":{"line":13,"column":16},"end":{"line":13,"column":37}},"6":{"start":{"line":16,"column":25},"end":{"line":16,"column":39}},"7":{"start":{"line":17,"column":12},"end":{"line":17,"column":32}},"8":{"start":{"line":19,"column":31},"end":{"line":24,"column":13}},"9":{"start":{"line":26,"column":12},"end":{"line":26,"column":39}},"10":{"start":{"line":30,"column":21},"end":{"line":30,"column":58}},"11":{"start":{"line":31,"column":4},"end":{"line":31,"column":55}},"12":{"start":{"line":34,"column":4},"end":{"line":50,"column":6}},"13":{"start":{"line":36,"column":8},"end":{"line":49,"column":10}},"14":{"start":{"line":37,"column":12},"end":{"line":48,"column":14}},"15":{"start":{"line":38,"column":16},"end":{"line":47,"column":18}}},"fnMap":{"0":{"name":"observePaint","decl":{"start":{"line":5,"column":24},"end":{"line":5,"column":36}},"loc":{"start":{"line":5,"column":39},"end":{"line":51,"column":1}},"line":5},"1":{"name":"(anonymous_1)","decl":{"start":{"line":8,"column":25},"end":{"line":8,"column":26}},"loc":{"start":{"line":8,"column":35},"end":{"line":28,"column":5}},"line":8},"2":{"name":"(anonymous_2)","decl":{"start":{"line":34,"column":21},"end":{"line":34,"column":22}},"loc":{"start":{"line":34,"column":30},"end":{"line":50,"column":5}},"line":34},"3":{"name":"(anonymous_3)","decl":{"start":{"line":36,"column":30},"end":{"line":36,"column":31}},"loc":{"start":{"line":36,"column":36},"end":{"line":49,"column":9}},"line":36},"4":{"name":"(anonymous_4)","decl":{"start":{"line":37,"column":62},"end":{"line":37,"column":63}},"loc":{"start":{"line":37,"column":70},"end":{"line":48,"column":13}},"line":37}},"branchMap":{"0":{"loc":{"start":{"line":6,"column":4},"end":{"line":6,"column":47}},"type":"if","locations":[{"start":{"line":6,"column":4},"end":{"line":6,"column":47}},{"start":{},"end":{}}],"line":6},"1":{"loc":{"start":{"line":12,"column":12},"end":{"line":14,"column":13}},"type":"if","locations":[{"start":{"line":12,"column":12},"end":{"line":14,"column":13}},{"start":{},"end":{}}],"line":12}},"s":{"0":5,"1":1,"2":4,"3":3,"4":3,"5":2,"6":3,"7":3,"8":3,"9":3,"10":4,"11":4,"12":4,"13":0,"14":0,"15":0},"f":{"0":5,"1":3,"2":0,"3":0,"4":0},"b":{"0":[1,4],"1":[2,1]},"_coverageSchema":"1a1c01bbd47fc00a2c39e90264f33305004495a9","hash":"3a7c6cd8590da51a93e2702ea062ec2a0bf81109"}
,"E:\\sdk\\sdk2 - 副本\\src\\performance\\observerLoad.js": {"path":"E:\\sdk\\sdk2 - 副本\\src\\performance\\observerLoad.js","statementMap":{"0":{"start":{"line":5,"column":4},"end":{"line":5,"column":63}},"1":{"start":{"line":5,"column":49},"end":{"line":5,"column":62}},"2":{"start":{"line":7,"column":4},"end":{"line":19,"column":6}},"3":{"start":{"line":8,"column":8},"end":{"line":18,"column":10}},"4":{"start":{"line":9,"column":12},"end":{"line":17,"column":14}},"5":{"start":{"line":10,"column":16},"end":{"line":16,"column":18}},"6":{"start":{"line":24,"column":8},"end":{"line":28,"column":10}},"7":{"start":{"line":30,"column":8},"end":{"line":30,"column":56}},"8":{"start":{"line":33,"column":4},"end":{"line":33,"column":49}}},"fnMap":{"0":{"name":"observerLoad","decl":{"start":{"line":4,"column":24},"end":{"line":4,"column":36}},"loc":{"start":{"line":4,"column":39},"end":{"line":20,"column":1}},"line":4},"1":{"name":"(anonymous_1)","decl":{"start":{"line":5,"column":41},"end":{"line":5,"column":42}},"loc":{"start":{"line":5,"column":49},"end":{"line":5,"column":62}},"line":5},"2":{"name":"(anonymous_2)","decl":{"start":{"line":7,"column":21},"end":{"line":7,"column":22}},"loc":{"start":{"line":7,"column":30},"end":{"line":19,"column":5}},"line":7},"3":{"name":"(anonymous_3)","decl":{"start":{"line":8,"column":30},"end":{"line":8,"column":31}},"loc":{"start":{"line":8,"column":36},"end":{"line":18,"column":9}},"line":8},"4":{"name":"(anonymous_4)","decl":{"start":{"line":9,"column":49},"end":{"line":9,"column":50}},"loc":{"start":{"line":9,"column":57},"end":{"line":17,"column":13}},"line":9},"5":{"name":"onEvent","decl":{"start":{"line":22,"column":9},"end":{"line":22,"column":16}},"loc":{"start":{"line":22,"column":23},"end":{"line":34,"column":1}},"line":22},"6":{"name":"callback","decl":{"start":{"line":23,"column":13},"end":{"line":23,"column":21}},"loc":{"start":{"line":23,"column":24},"end":{"line":31,"column":5}},"line":23}},"branchMap":{},"s":{"0":4,"1":8,"2":4,"3":0,"4":0,"5":0,"6":7,"7":7,"8":8},"f":{"0":4,"1":8,"2":0,"3":0,"4":0,"5":8,"6":7},"b":{},"_coverageSchema":"1a1c01bbd47fc00a2c39e90264f33305004495a9","hash":"a7b546035ca143cbbe5080e3d405341878d4529b"}
,"E:\\sdk\\sdk2 - 副本\\src\\performance\\onVueRouter.js": {"path":"E:\\sdk\\sdk2 - 副本\\src\\performance\\onVueRouter.js","statementMap":{"0":{"start":{"line":6,"column":18},"end":{"line":6,"column":22}},"1":{"start":{"line":8,"column":4},"end":{"line":22,"column":6}},"2":{"start":{"line":10,"column":8},"end":{"line":13,"column":9}},"3":{"start":{"line":11,"column":12},"end":{"line":11,"column":27}},"4":{"start":{"line":12,"column":12},"end":{"line":12,"column":25}},"5":{"start":{"line":18,"column":8},"end":{"line":18,"column":45}},"6":{"start":{"line":19,"column":8},"end":{"line":19,"column":37}},"7":{"start":{"line":21,"column":8},"end":{"line":21,"column":14}},"8":{"start":{"line":26,"column":4},"end":{"line":47,"column":6}},"9":{"start":{"line":28,"column":12},"end":{"line":28,"column":55}},"10":{"start":{"line":28,"column":49},"end":{"line":28,"column":55}},"11":{"start":{"line":30,"column":12},"end":{"line":45,"column":14}},"12":{"start":{"line":32,"column":28},"end":{"line":32,"column":45}},"13":{"start":{"line":33,"column":16},"end":{"line":33,"column":35}},"14":{"start":{"line":35,"column":16},"end":{"line":44,"column":24}},"15":{"start":{"line":36,"column":20},"end":{"line":36,"column":58}},"16":{"start":{"line":37,"column":20},"end":{"line":43,"column":22}}},"fnMap":{"0":{"name":"onVueRouter","decl":{"start":{"line":5,"column":24},"end":{"line":5,"column":35}},"loc":{"start":{"line":5,"column":49},"end":{"line":48,"column":1}},"line":5},"1":{"name":"(anonymous_1)","decl":{"start":{"line":8,"column":22},"end":{"line":8,"column":23}},"loc":{"start":{"line":8,"column":42},"end":{"line":22,"column":5}},"line":8},"2":{"name":"(anonymous_2)","decl":{"start":{"line":27,"column":8},"end":{"line":27,"column":9}},"loc":{"start":{"line":27,"column":18},"end":{"line":46,"column":9}},"line":27},"3":{"name":"(anonymous_3)","decl":{"start":{"line":30,"column":27},"end":{"line":30,"column":28}},"loc":{"start":{"line":30,"column":33},"end":{"line":45,"column":13}},"line":30},"4":{"name":"(anonymous_4)","decl":{"start":{"line":35,"column":35},"end":{"line":35,"column":36}},"loc":{"start":{"line":35,"column":41},"end":{"line":44,"column":17}},"line":35}},"branchMap":{"0":{"loc":{"start":{"line":10,"column":8},"end":{"line":13,"column":9}},"type":"if","locations":[{"start":{"line":10,"column":8},"end":{"line":13,"column":9}},{"start":{},"end":{}}],"line":10},"1":{"loc":{"start":{"line":28,"column":12},"end":{"line":28,"column":55}},"type":"if","locations":[{"start":{"line":28,"column":12},"end":{"line":28,"column":55}},{"start":{},"end":{}}],"line":28}},"s":{"0":4,"1":4,"2":5,"3":3,"4":3,"5":2,"6":2,"7":2,"8":4,"9":1,"10":0,"11":1,"12":1,"13":1,"14":1,"15":1,"16":1},"f":{"0":4,"1":5,"2":1,"3":1,"4":1},"b":{"0":[3,2],"1":[0,1]},"_coverageSchema":"1a1c01bbd47fc00a2c39e90264f33305004495a9","hash":"9bb7ff71e28429171c0ffd8c108dfa7d75d68bcd"}
,"E:\\sdk\\sdk2 - 副本\\src\\performance\\utils.js": {"path":"E:\\sdk\\sdk2 - 副本\\src\\performance\\utils.js","statementMap":{"0":{"start":{"line":2,"column":4},"end":{"line":2,"column":39}}},"fnMap":{"0":{"name":"isSupportPerformanceObserver","decl":{"start":{"line":1,"column":16},"end":{"line":1,"column":44}},"loc":{"start":{"line":1,"column":47},"end":{"line":3,"column":1}},"line":1}},"branchMap":{},"s":{"0":24},"f":{"0":24},"b":{},"_coverageSchema":"1a1c01bbd47fc00a2c39e90264f33305004495a9","hash":"853bd0106d26361d14b7c0c50e7d50ae21195a29"}
,"E:\\sdk\\sdk2 - 副本\\src\\performance\\xhr.js": {"path":"E:\\sdk\\sdk2 - 副本\\src\\performance\\xhr.js","statementMap":{"0":{"start":{"line":5,"column":4},"end":{"line":10,"column":5}},"1":{"start":{"line":7,"column":8},"end":{"line":7,"column":26}},"2":{"start":{"line":8,"column":8},"end":{"line":8,"column":29}},"3":{"start":{"line":9,"column":8},"end":{"line":9,"column":38}},"4":{"start":{"line":12,"column":4},"end":{"line":41,"column":5}},"5":{"start":{"line":14,"column":8},"end":{"line":14,"column":35}},"6":{"start":{"line":16,"column":26},"end":{"line":37,"column":9}},"7":{"start":{"line":18,"column":12},"end":{"line":18,"column":37}},"8":{"start":{"line":19,"column":12},"end":{"line":19,"column":57}},"9":{"start":{"line":21,"column":74},"end":{"line":21,"column":78}},"10":{"start":{"line":22,"column":31},"end":{"line":32,"column":13}},"11":{"start":{"line":34,"column":12},"end":{"line":34,"column":39}},"12":{"start":{"line":36,"column":12},"end":{"line":36,"column":64}},"13":{"start":{"line":39,"column":8},"end":{"line":39,"column":57}},"14":{"start":{"line":40,"column":8},"end":{"line":40,"column":38}},"15":{"start":{"line":45,"column":4},"end":{"line":45,"column":26}}},"fnMap":{"0":{"name":"overwriteOpenAndSend","decl":{"start":{"line":4,"column":9},"end":{"line":4,"column":29}},"loc":{"start":{"line":4,"column":32},"end":{"line":42,"column":1}},"line":4},"1":{"name":"newOpen","decl":{"start":{"line":5,"column":34},"end":{"line":5,"column":41}},"loc":{"start":{"line":5,"column":51},"end":{"line":10,"column":5}},"line":5},"2":{"name":"newSend","decl":{"start":{"line":12,"column":34},"end":{"line":12,"column":41}},"loc":{"start":{"line":12,"column":51},"end":{"line":41,"column":5}},"line":12},"3":{"name":"(anonymous_3)","decl":{"start":{"line":16,"column":26},"end":{"line":16,"column":27}},"loc":{"start":{"line":16,"column":32},"end":{"line":37,"column":9}},"line":16},"4":{"name":"xhr","decl":{"start":{"line":44,"column":24},"end":{"line":44,"column":27}},"loc":{"start":{"line":44,"column":30},"end":{"line":46,"column":1}},"line":44}},"branchMap":{"0":{"loc":{"start":{"line":28,"column":25},"end":{"line":28,"column":40}},"type":"binary-expr","locations":[{"start":{"line":28,"column":25},"end":{"line":28,"column":31}},{"start":{"line":28,"column":35},"end":{"line":28,"column":40}}],"line":28},"1":{"loc":{"start":{"line":29,"column":25},"end":{"line":29,"column":54}},"type":"binary-expr","locations":[{"start":{"line":29,"column":25},"end":{"line":29,"column":38}},{"start":{"line":29,"column":42},"end":{"line":29,"column":54}}],"line":29}},"s":{"0":5,"1":14,"2":14,"3":14,"4":5,"5":12,"6":12,"7":9,"8":9,"9":9,"10":9,"11":9,"12":9,"13":12,"14":12,"15":5},"f":{"0":5,"1":14,"2":12,"3":9,"4":5},"b":{"0":[9,0],"1":[9,9]},"_coverageSchema":"1a1c01bbd47fc00a2c39e90264f33305004495a9","hash":"f71799df612f33176fb3b3ba12ab34ea6bb369a6"}
,"E:\\sdk\\sdk2 - 副本\\src\\utils\\cache.js": {"path":"E:\\sdk\\sdk2 - 副本\\src\\utils\\cache.js","statementMap":{"0":{"start":{"line":3,"column":14},"end":{"line":3,"column":16}},"1":{"start":{"line":6,"column":4},"end":{"line":6,"column":26}},"2":{"start":{"line":10,"column":4},"end":{"line":10,"column":20}},"3":{"start":{"line":14,"column":4},"end":{"line":14,"column":20}}},"fnMap":{"0":{"name":"getCache","decl":{"start":{"line":5,"column":16},"end":{"line":5,"column":24}},"loc":{"start":{"line":5,"column":27},"end":{"line":7,"column":1}},"line":5},"1":{"name":"addCache","decl":{"start":{"line":9,"column":16},"end":{"line":9,"column":24}},"loc":{"start":{"line":9,"column":31},"end":{"line":11,"column":1}},"line":9},"2":{"name":"clearCache","decl":{"start":{"line":13,"column":16},"end":{"line":13,"column":26}},"loc":{"start":{"line":13,"column":29},"end":{"line":15,"column":1}},"line":13}},"branchMap":{},"s":{"0":31,"1":5,"2":6,"3":5},"f":{"0":5,"1":6,"2":5},"b":{},"_coverageSchema":"1a1c01bbd47fc00a2c39e90264f33305004495a9","hash":"498e5060ff07736e9dd4deccd6064a9c6981d2e0"}
,"E:\\sdk\\sdk2 - 副本\\src\\utils\\generateUniqueID.js": {"path":"E:\\sdk\\sdk2 - 副本\\src\\utils\\generateUniqueID.js","statementMap":{"0":{"start":{"line":2,"column":4},"end":{"line":2,"column":78}}},"fnMap":{"0":{"name":"generateUniqueID","decl":{"start":{"line":1,"column":24},"end":{"line":1,"column":40}},"loc":{"start":{"line":1,"column":43},"end":{"line":3,"column":1}},"line":1}},"branchMap":{},"s":{"0":33},"f":{"0":33},"b":{},"_coverageSchema":"1a1c01bbd47fc00a2c39e90264f33305004495a9","hash":"cd088f589681fd6b748d284215f8057da106bff9"}
,"E:\\sdk\\sdk2 - 副本\\src\\utils\\report.js": {"path":"E:\\sdk\\sdk2 - 副本\\src\\utils\\report.js","statementMap":{"0":{"start":{"line":7,"column":4},"end":{"line":7,"column":41}},"1":{"start":{"line":10,"column":19},"end":{"line":10,"column":109}},"2":{"start":{"line":12,"column":18},"end":{"line":12,"column":36}},"3":{"start":{"line":14,"column":4},"end":{"line":16,"column":5}},"4":{"start":{"line":15,"column":8},"end":{"line":15,"column":37}},"5":{"start":{"line":18,"column":23},"end":{"line":23,"column":6}},"6":{"start":{"line":26,"column":4},"end":{"line":29,"column":5}},"7":{"start":{"line":27,"column":8},"end":{"line":27,"column":42}},"8":{"start":{"line":28,"column":8},"end":{"line":28,"column":14}},"9":{"start":{"line":32,"column":4},"end":{"line":40,"column":5}},"10":{"start":{"line":33,"column":8},"end":{"line":35,"column":29}},"11":{"start":{"line":34,"column":12},"end":{"line":34,"column":46}},"12":{"start":{"line":37,"column":8},"end":{"line":39,"column":10}},"13":{"start":{"line":38,"column":12},"end":{"line":38,"column":46}},"14":{"start":{"line":43,"column":12},"end":{"line":43,"column":16}},"15":{"start":{"line":45,"column":4},"end":{"line":45,"column":18}},"16":{"start":{"line":47,"column":4},"end":{"line":47,"column":23}},"17":{"start":{"line":48,"column":4},"end":{"line":54,"column":15}},"18":{"start":{"line":49,"column":21},"end":{"line":49,"column":31}},"19":{"start":{"line":50,"column":8},"end":{"line":53,"column":9}},"20":{"start":{"line":51,"column":12},"end":{"line":51,"column":24}},"21":{"start":{"line":52,"column":12},"end":{"line":52,"column":24}},"22":{"start":{"line":58,"column":16},"end":{"line":58,"column":36}},"23":{"start":{"line":59,"column":4},"end":{"line":59,"column":46}},"24":{"start":{"line":60,"column":4},"end":{"line":60,"column":48}}},"fnMap":{"0":{"name":"isSupportSendBeacon","decl":{"start":{"line":6,"column":16},"end":{"line":6,"column":35}},"loc":{"start":{"line":6,"column":38},"end":{"line":8,"column":1}},"line":6},"1":{"name":"report","decl":{"start":{"line":13,"column":16},"end":{"line":13,"column":22}},"loc":{"start":{"line":13,"column":50},"end":{"line":41,"column":1}},"line":13},"2":{"name":"(anonymous_2)","decl":{"start":{"line":33,"column":35},"end":{"line":33,"column":36}},"loc":{"start":{"line":33,"column":41},"end":{"line":35,"column":9}},"line":33},"3":{"name":"(anonymous_3)","decl":{"start":{"line":37,"column":19},"end":{"line":37,"column":20}},"loc":{"start":{"line":37,"column":25},"end":{"line":39,"column":9}},"line":37},"4":{"name":"lazyReportCache","decl":{"start":{"line":44,"column":16},"end":{"line":44,"column":31}},"loc":{"start":{"line":44,"column":54},"end":{"line":55,"column":1}},"line":44},"5":{"name":"(anonymous_5)","decl":{"start":{"line":48,"column":23},"end":{"line":48,"column":24}},"loc":{"start":{"line":48,"column":29},"end":{"line":54,"column":5}},"line":48},"6":{"name":"reportWithXHR","decl":{"start":{"line":57,"column":16},"end":{"line":57,"column":29}},"loc":{"start":{"line":57,"column":36},"end":{"line":61,"column":1}},"line":57}},"branchMap":{"0":{"loc":{"start":{"line":10,"column":19},"end":{"line":10,"column":109}},"type":"cond-expr","locations":[{"start":{"line":10,"column":43},"end":{"line":10,"column":93}},{"start":{"line":10,"column":96},"end":{"line":10,"column":109}}],"line":10},"1":{"loc":{"start":{"line":13,"column":29},"end":{"line":13,"column":48}},"type":"default-arg","locations":[{"start":{"line":13,"column":43},"end":{"line":13,"column":48}}],"line":13},"2":{"loc":{"start":{"line":14,"column":4},"end":{"line":16,"column":5}},"type":"if","locations":[{"start":{"line":14,"column":4},"end":{"line":16,"column":5}},{"start":{},"end":{}}],"line":14},"3":{"loc":{"start":{"line":26,"column":4},"end":{"line":29,"column":5}},"type":"if","locations":[{"start":{"line":26,"column":4},"end":{"line":29,"column":5}},{"start":{},"end":{}}],"line":26},"4":{"loc":{"start":{"line":32,"column":4},"end":{"line":40,"column":5}},"type":"if","locations":[{"start":{"line":32,"column":4},"end":{"line":40,"column":5}},{"start":{"line":36,"column":11},"end":{"line":40,"column":5}}],"line":32},"5":{"loc":{"start":{"line":44,"column":38},"end":{"line":44,"column":52}},"type":"default-arg","locations":[{"start":{"line":44,"column":48},"end":{"line":44,"column":52}}],"line":44},"6":{"loc":{"start":{"line":50,"column":8},"end":{"line":53,"column":9}},"type":"if","locations":[{"start":{"line":50,"column":8},"end":{"line":53,"column":9}},{"start":{},"end":{}}],"line":50}},"s":{"0":31,"1":30,"2":30,"3":5,"4":1,"5":5,"6":5,"7":2,"8":2,"9":3,"10":3,"11":1,"12":0,"13":0,"14":30,"15":2,"16":2,"17":2,"18":1,"19":1,"20":1,"21":1,"22":0,"23":0,"24":0},"f":{"0":31,"1":5,"2":1,"3":0,"4":2,"5":1,"6":0},"b":{"0":[30,0],"1":[2],"2":[1,4],"3":[2,3],"4":[3,0],"5":[2],"6":[1,0]},"_coverageSchema":"1a1c01bbd47fc00a2c39e90264f33305004495a9","hash":"0f996374c88e2f8f20f2f3e15b0628a2f0825f3f"}
,"E:\\sdk\\sdk2 - 副本\\src\\utils\\utils.js": {"path":"E:\\sdk\\sdk2 - 副本\\src\\utils\\utils.js","statementMap":{"0":{"start":{"line":3,"column":4},"end":{"line":14,"column":5}},"1":{"start":{"line":4,"column":23},"end":{"line":4,"column":54}},"2":{"start":{"line":5,"column":8},"end":{"line":11,"column":9}},"3":{"start":{"line":6,"column":12},"end":{"line":10,"column":13}},"4":{"start":{"line":7,"column":16},"end":{"line":7,"column":51}},"5":{"start":{"line":9,"column":16},"end":{"line":9,"column":41}},"6":{"start":{"line":13,"column":8},"end":{"line":13,"column":21}},"7":{"start":{"line":16,"column":4},"end":{"line":16,"column":17}},"8":{"start":{"line":21,"column":4},"end":{"line":26,"column":12}},"9":{"start":{"line":23,"column":8},"end":{"line":25,"column":9}},"10":{"start":{"line":24,"column":12},"end":{"line":24,"column":27}},"11":{"start":{"line":30,"column":4},"end":{"line":30,"column":59}},"12":{"start":{"line":34,"column":31},"end":{"line":42,"column":5}},"13":{"start":{"line":35,"column":8},"end":{"line":41,"column":9}},"14":{"start":{"line":36,"column":12},"end":{"line":36,"column":27}},"15":{"start":{"line":37,"column":12},"end":{"line":40,"column":13}},"16":{"start":{"line":38,"column":16},"end":{"line":38,"column":88}},"17":{"start":{"line":39,"column":16},"end":{"line":39,"column":80}},"18":{"start":{"line":44,"column":4},"end":{"line":44,"column":73}},"19":{"start":{"line":45,"column":4},"end":{"line":45,"column":65}},"20":{"start":{"line":49,"column":4},"end":{"line":58,"column":5}},"21":{"start":{"line":50,"column":8},"end":{"line":50,"column":18}},"22":{"start":{"line":52,"column":23},"end":{"line":55,"column":9}},"23":{"start":{"line":53,"column":12},"end":{"line":53,"column":22}},"24":{"start":{"line":54,"column":12},"end":{"line":54,"column":60}},"25":{"start":{"line":57,"column":8},"end":{"line":57,"column":53}},"26":{"start":{"line":62,"column":4},"end":{"line":62,"column":31}}},"fnMap":{"0":{"name":"deepCopy","decl":{"start":{"line":2,"column":16},"end":{"line":2,"column":24}},"loc":{"start":{"line":2,"column":33},"end":{"line":17,"column":1}},"line":2},"1":{"name":"onBFCacheRestore","decl":{"start":{"line":20,"column":16},"end":{"line":20,"column":32}},"loc":{"start":{"line":20,"column":43},"end":{"line":27,"column":1}},"line":20},"2":{"name":"(anonymous_2)","decl":{"start":{"line":21,"column":40},"end":{"line":21,"column":41}},"loc":{"start":{"line":21,"column":49},"end":{"line":26,"column":5}},"line":21},"3":{"name":"onBeforeunload","decl":{"start":{"line":29,"column":16},"end":{"line":29,"column":30}},"loc":{"start":{"line":29,"column":41},"end":{"line":31,"column":1}},"line":29},"4":{"name":"onHidden","decl":{"start":{"line":33,"column":16},"end":{"line":33,"column":24}},"loc":{"start":{"line":33,"column":41},"end":{"line":46,"column":1}},"line":33},"5":{"name":"(anonymous_5)","decl":{"start":{"line":34,"column":31},"end":{"line":34,"column":32}},"loc":{"start":{"line":34,"column":42},"end":{"line":42,"column":5}},"line":34},"6":{"name":"executeAfterLoad","decl":{"start":{"line":48,"column":16},"end":{"line":48,"column":32}},"loc":{"start":{"line":48,"column":43},"end":{"line":59,"column":1}},"line":48},"7":{"name":"(anonymous_7)","decl":{"start":{"line":52,"column":23},"end":{"line":52,"column":24}},"loc":{"start":{"line":52,"column":29},"end":{"line":55,"column":9}},"line":52},"8":{"name":"getPageURL","decl":{"start":{"line":61,"column":16},"end":{"line":61,"column":26}},"loc":{"start":{"line":61,"column":29},"end":{"line":63,"column":1}},"line":61}},"branchMap":{"0":{"loc":{"start":{"line":3,"column":4},"end":{"line":14,"column":5}},"type":"if","locations":[{"start":{"line":3,"column":4},"end":{"line":14,"column":5}},{"start":{},"end":{}}],"line":3},"1":{"loc":{"start":{"line":4,"column":23},"end":{"line":4,"column":54}},"type":"cond-expr","locations":[{"start":{"line":4,"column":47},"end":{"line":4,"column":49}},{"start":{"line":4,"column":52},"end":{"line":4,"column":54}}],"line":4},"2":{"loc":{"start":{"line":6,"column":12},"end":{"line":10,"column":13}},"type":"if","locations":[{"start":{"line":6,"column":12},"end":{"line":10,"column":13}},{"start":{"line":8,"column":19},"end":{"line":10,"column":13}}],"line":6},"3":{"loc":{"start":{"line":23,"column":8},"end":{"line":25,"column":9}},"type":"if","locations":[{"start":{"line":23,"column":8},"end":{"line":25,"column":9}},{"start":{},"end":{}}],"line":23},"4":{"loc":{"start":{"line":35,"column":8},"end":{"line":41,"column":9}},"type":"if","locations":[{"start":{"line":35,"column":8},"end":{"line":41,"column":9}},{"start":{},"end":{}}],"line":35},"5":{"loc":{"start":{"line":35,"column":12},"end":{"line":35,"column":78}},"type":"binary-expr","locations":[{"start":{"line":35,"column":12},"end":{"line":35,"column":37}},{"start":{"line":35,"column":41},"end":{"line":35,"column":78}}],"line":35},"6":{"loc":{"start":{"line":37,"column":12},"end":{"line":40,"column":13}},"type":"if","locations":[{"start":{"line":37,"column":12},"end":{"line":40,"column":13}},{"start":{},"end":{}}],"line":37},"7":{"loc":{"start":{"line":49,"column":4},"end":{"line":58,"column":5}},"type":"if","locations":[{"start":{"line":49,"column":4},"end":{"line":58,"column":5}},{"start":{"line":51,"column":11},"end":{"line":58,"column":5}}],"line":49}},"s":{"0":28,"1":26,"2":26,"3":57,"4":16,"5":41,"6":26,"7":2,"8":25,"9":0,"10":0,"11":11,"12":7,"13":0,"14":0,"15":0,"16":0,"17":0,"18":7,"19":7,"20":8,"21":8,"22":0,"23":0,"24":0,"25":0,"26":50},"f":{"0":28,"1":25,"2":0,"3":11,"4":7,"5":0,"6":8,"7":0,"8":50},"b":{"0":[26,2],"1":[10,16],"2":[16,41],"3":[0,0],"4":[0,0],"5":[0,0],"6":[0,0],"7":[8,0]},"_coverageSchema":"1a1c01bbd47fc00a2c39e90264f33305004495a9","hash":"267ad93338031cddb30547ba04cdab86ea2c7419"}
,"E:\\sdk\\sdk2 - 副本\\src\\utils\\xhr.js": {"path":"E:\\sdk\\sdk2 - 副本\\src\\utils\\xhr.js","statementMap":{"0":{"start":{"line":1,"column":29},"end":{"line":1,"column":53}},"1":{"start":{"line":2,"column":28},"end":{"line":2,"column":46}},"2":{"start":{"line":3,"column":28},"end":{"line":3,"column":46}}},"fnMap":{},"branchMap":{},"s":{"0":36,"1":36,"2":36},"f":{},"b":{},"_coverageSchema":"1a1c01bbd47fc00a2c39e90264f33305004495a9","hash":"d9f5a6aa47e4b75ad7723513b63faf2202821b57"}
}
