{"E:\\sdk\\sdk2 - 副本\\src\\performance\\performanceScore.js": {"path":"E:\\sdk\\sdk2 - 副本\\src\\performance\\performanceScore.js","statementMap":{"0":{"start":{"line":5,"column":19},"end":{"line":9,"column":1}},"1":{"start":{"line":12,"column":16},"end":{"line":16,"column":1}},"2":{"start":{"line":19,"column":16},"end":{"line":23,"column":1}},"3":{"start":{"line":33,"column":4},"end":{"line":35,"column":5}},"4":{"start":{"line":34,"column":8},"end":{"line":34,"column":18}},"5":{"start":{"line":36,"column":4},"end":{"line":38,"column":5}},"6":{"start":{"line":37,"column":8},"end":{"line":37,"column":16}},"7":{"start":{"line":40,"column":18},"end":{"line":40,"column":92}},"8":{"start":{"line":41,"column":4},"end":{"line":41,"column":40}},"9":{"start":{"line":49,"column":30},"end":{"line":49,"column":37}},"10":{"start":{"line":52,"column":4},"end":{"line":54,"column":5}},"11":{"start":{"line":53,"column":8},"end":{"line":53,"column":19}},"12":{"start":{"line":56,"column":19},"end":{"line":56,"column":21}},"13":{"start":{"line":57,"column":22},"end":{"line":57,"column":23}},"14":{"start":{"line":58,"column":22},"end":{"line":58,"column":23}},"15":{"start":{"line":61,"column":4},"end":{"line":65,"column":5}},"16":{"start":{"line":62,"column":8},"end":{"line":62,"column":62}},"17":{"start":{"line":63,"column":8},"end":{"line":63,"column":47}},"18":{"start":{"line":64,"column":8},"end":{"line":64,"column":34}},"19":{"start":{"line":67,"column":4},"end":{"line":71,"column":5}},"20":{"start":{"line":68,"column":8},"end":{"line":68,"column":62}},"21":{"start":{"line":69,"column":8},"end":{"line":69,"column":47}},"22":{"start":{"line":70,"column":8},"end":{"line":70,"column":34}},"23":{"start":{"line":73,"column":4},"end":{"line":77,"column":5}},"24":{"start":{"line":74,"column":8},"end":{"line":74,"column":62}},"25":{"start":{"line":75,"column":8},"end":{"line":75,"column":47}},"26":{"start":{"line":76,"column":8},"end":{"line":76,"column":34}},"27":{"start":{"line":80,"column":23},"end":{"line":80,"column":96}},"28":{"start":{"line":83,"column":19},"end":{"line":83,"column":40}},"29":{"start":{"line":85,"column":4},"end":{"line":91,"column":5}},"30":{"start":{"line":100,"column":4},"end":{"line":100,"column":34}},"31":{"start":{"line":100,"column":21},"end":{"line":100,"column":34}},"32":{"start":{"line":101,"column":4},"end":{"line":101,"column":47}},"33":{"start":{"line":101,"column":21},"end":{"line":101,"column":47}},"34":{"start":{"line":102,"column":4},"end":{"line":102,"column":17}},"35":{"start":{"line":111,"column":4},"end":{"line":113,"column":5}},"36":{"start":{"line":112,"column":8},"end":{"line":112,"column":35}},"37":{"start":{"line":121,"column":4},"end":{"line":121,"column":25}},"38":{"start":{"line":128,"column":4},"end":{"line":128,"column":22}},"39":{"start":{"line":129,"column":4},"end":{"line":129,"column":22}},"40":{"start":{"line":130,"column":4},"end":{"line":130,"column":22}},"41":{"start":{"line":139,"column":27},"end":{"line":139,"column":42}},"42":{"start":{"line":142,"column":4},"end":{"line":180,"column":5}},"43":{"start":{"line":143,"column":8},"end":{"line":179,"column":9}},"44":{"start":{"line":145,"column":32},"end":{"line":152,"column":14}},"45":{"start":{"line":146,"column":32},"end":{"line":146,"column":49}},"46":{"start":{"line":147,"column":34},"end":{"line":147,"column":61}},"47":{"start":{"line":148,"column":16},"end":{"line":151,"column":17}},"48":{"start":{"line":149,"column":20},"end":{"line":149,"column":60}},"49":{"start":{"line":150,"column":20},"end":{"line":150,"column":33}},"50":{"start":{"line":153,"column":12},"end":{"line":153,"column":85}},"51":{"start":{"line":156,"column":32},"end":{"line":162,"column":14}},"52":{"start":{"line":157,"column":32},"end":{"line":157,"column":49}},"53":{"start":{"line":158,"column":16},"end":{"line":161,"column":17}},"54":{"start":{"line":159,"column":20},"end":{"line":159,"column":60}},"55":{"start":{"line":160,"column":20},"end":{"line":160,"column":33}},"56":{"start":{"line":163,"column":12},"end":{"line":163,"column":72}},"57":{"start":{"line":166,"column":27},"end":{"line":166,"column":28}},"58":{"start":{"line":167,"column":32},"end":{"line":175,"column":14}},"59":{"start":{"line":168,"column":16},"end":{"line":174,"column":17}},"60":{"start":{"line":169,"column":20},"end":{"line":173,"column":21}},"61":{"start":{"line":170,"column":24},"end":{"line":170,"column":47}},"62":{"start":{"line":171,"column":24},"end":{"line":171,"column":53}},"63":{"start":{"line":172,"column":24},"end":{"line":172,"column":37}},"64":{"start":{"line":176,"column":12},"end":{"line":176,"column":73}},"65":{"start":{"line":183,"column":21},"end":{"line":187,"column":5}},"66":{"start":{"line":184,"column":8},"end":{"line":186,"column":9}},"67":{"start":{"line":185,"column":12},"end":{"line":185,"column":29}},"68":{"start":{"line":188,"column":4},"end":{"line":188,"column":75}},"69":{"start":{"line":191,"column":4},"end":{"line":193,"column":22}},"70":{"start":{"line":192,"column":8},"end":{"line":192,"column":25}},"71":{"start":{"line":201,"column":22},"end":{"line":201,"column":49}},"72":{"start":{"line":202,"column":4},"end":{"line":218,"column":5}},"73":{"start":{"line":203,"column":27},"end":{"line":209,"column":9}},"74":{"start":{"line":211,"column":8},"end":{"line":217,"column":9}},"75":{"start":{"line":213,"column":31},"end":{"line":213,"column":57}},"76":{"start":{"line":214,"column":12},"end":{"line":214,"column":36}},"77":{"start":{"line":216,"column":12},"end":{"line":216,"column":39}}},"fnMap":{"0":{"name":"calculateMetricScore","decl":{"start":{"line":32,"column":16},"end":{"line":32,"column":36}},"loc":{"start":{"line":32,"column":55},"end":{"line":42,"column":1}},"line":32},"1":{"name":"calculatePerformanceScore","decl":{"start":{"line":48,"column":16},"end":{"line":48,"column":41}},"loc":{"start":{"line":48,"column":44},"end":{"line":92,"column":1}},"line":48},"2":{"name":"getRating","decl":{"start":{"line":99,"column":16},"end":{"line":99,"column":25}},"loc":{"start":{"line":99,"column":33},"end":{"line":103,"column":1}},"line":99},"3":{"name":"updateMetric","decl":{"start":{"line":110,"column":16},"end":{"line":110,"column":28}},"loc":{"start":{"line":110,"column":48},"end":{"line":114,"column":1}},"line":110},"4":{"name":"getMetrics","decl":{"start":{"line":120,"column":16},"end":{"line":120,"column":26}},"loc":{"start":{"line":120,"column":29},"end":{"line":122,"column":1}},"line":120},"5":{"name":"resetMetrics","decl":{"start":{"line":127,"column":16},"end":{"line":127,"column":28}},"loc":{"start":{"line":127,"column":31},"end":{"line":131,"column":1}},"line":127},"6":{"name":"observePerformanceScore","decl":{"start":{"line":137,"column":24},"end":{"line":137,"column":47}},"loc":{"start":{"line":137,"column":50},"end":{"line":194,"column":1}},"line":137},"7":{"name":"(anonymous_7)","decl":{"start":{"line":145,"column":56},"end":{"line":145,"column":57}},"loc":{"start":{"line":145,"column":66},"end":{"line":152,"column":13}},"line":145},"8":{"name":"(anonymous_8)","decl":{"start":{"line":156,"column":56},"end":{"line":156,"column":57}},"loc":{"start":{"line":156,"column":66},"end":{"line":162,"column":13}},"line":156},"9":{"name":"(anonymous_9)","decl":{"start":{"line":167,"column":56},"end":{"line":167,"column":57}},"loc":{"start":{"line":167,"column":66},"end":{"line":175,"column":13}},"line":167},"10":{"name":"(anonymous_10)","decl":{"start":{"line":183,"column":21},"end":{"line":183,"column":22}},"loc":{"start":{"line":183,"column":27},"end":{"line":187,"column":5}},"line":183},"11":{"name":"(anonymous_11)","decl":{"start":{"line":191,"column":44},"end":{"line":191,"column":45}},"loc":{"start":{"line":191,"column":50},"end":{"line":193,"column":5}},"line":191},"12":{"name":"reportScore","decl":{"start":{"line":200,"column":9},"end":{"line":200,"column":20}},"loc":{"start":{"line":200,"column":42},"end":{"line":219,"column":1}},"line":200}},"branchMap":{"0":{"loc":{"start":{"line":33,"column":4},"end":{"line":35,"column":5}},"type":"if","locations":[{"start":{"line":33,"column":4},"end":{"line":35,"column":5}},{"start":{},"end":{}}],"line":33},"1":{"loc":{"start":{"line":36,"column":4},"end":{"line":38,"column":5}},"type":"if","locations":[{"start":{"line":36,"column":4},"end":{"line":38,"column":5}},{"start":{},"end":{}}],"line":36},"2":{"loc":{"start":{"line":52,"column":4},"end":{"line":54,"column":5}},"type":"if","locations":[{"start":{"line":52,"column":4},"end":{"line":54,"column":5}},{"start":{},"end":{}}],"line":52},"3":{"loc":{"start":{"line":52,"column":8},"end":{"line":52,"column":52}},"type":"binary-expr","locations":[{"start":{"line":52,"column":8},"end":{"line":52,"column":20}},{"start":{"line":52,"column":24},"end":{"line":52,"column":36}},{"start":{"line":52,"column":40},"end":{"line":52,"column":52}}],"line":52},"4":{"loc":{"start":{"line":61,"column":4},"end":{"line":65,"column":5}},"type":"if","locations":[{"start":{"line":61,"column":4},"end":{"line":65,"column":5}},{"start":{},"end":{}}],"line":61},"5":{"loc":{"start":{"line":67,"column":4},"end":{"line":71,"column":5}},"type":"if","locations":[{"start":{"line":67,"column":4},"end":{"line":71,"column":5}},{"start":{},"end":{}}],"line":67},"6":{"loc":{"start":{"line":73,"column":4},"end":{"line":77,"column":5}},"type":"if","locations":[{"start":{"line":73,"column":4},"end":{"line":77,"column":5}},{"start":{},"end":{}}],"line":73},"7":{"loc":{"start":{"line":80,"column":23},"end":{"line":80,"column":96}},"type":"cond-expr","locations":[{"start":{"line":80,"column":41},"end":{"line":80,"column":92}},{"start":{"line":80,"column":95},"end":{"line":80,"column":96}}],"line":80},"8":{"loc":{"start":{"line":100,"column":4},"end":{"line":100,"column":34}},"type":"if","locations":[{"start":{"line":100,"column":4},"end":{"line":100,"column":34}},{"start":{},"end":{}}],"line":100},"9":{"loc":{"start":{"line":101,"column":4},"end":{"line":101,"column":47}},"type":"if","locations":[{"start":{"line":101,"column":4},"end":{"line":101,"column":47}},{"start":{},"end":{}}],"line":101},"10":{"loc":{"start":{"line":111,"column":4},"end":{"line":113,"column":5}},"type":"if","locations":[{"start":{"line":111,"column":4},"end":{"line":113,"column":5}},{"start":{},"end":{}}],"line":111},"11":{"loc":{"start":{"line":142,"column":4},"end":{"line":180,"column":5}},"type":"if","locations":[{"start":{"line":142,"column":4},"end":{"line":180,"column":5}},{"start":{},"end":{}}],"line":142},"12":{"loc":{"start":{"line":148,"column":16},"end":{"line":151,"column":17}},"type":"if","locations":[{"start":{"line":148,"column":16},"end":{"line":151,"column":17}},{"start":{},"end":{}}],"line":148},"13":{"loc":{"start":{"line":158,"column":16},"end":{"line":161,"column":17}},"type":"if","locations":[{"start":{"line":158,"column":16},"end":{"line":161,"column":17}},{"start":{},"end":{}}],"line":158},"14":{"loc":{"start":{"line":169,"column":20},"end":{"line":173,"column":21}},"type":"if","locations":[{"start":{"line":169,"column":20},"end":{"line":173,"column":21}},{"start":{},"end":{}}],"line":169},"15":{"loc":{"start":{"line":184,"column":8},"end":{"line":186,"column":9}},"type":"if","locations":[{"start":{"line":184,"column":8},"end":{"line":186,"column":9}},{"start":{},"end":{}}],"line":184},"16":{"loc":{"start":{"line":200,"column":21},"end":{"line":200,"column":40}},"type":"default-arg","locations":[{"start":{"line":200,"column":35},"end":{"line":200,"column":40}}],"line":200},"17":{"loc":{"start":{"line":202,"column":4},"end":{"line":218,"column":5}},"type":"if","locations":[{"start":{"line":202,"column":4},"end":{"line":218,"column":5}},{"start":{},"end":{}}],"line":202},"18":{"loc":{"start":{"line":211,"column":8},"end":{"line":217,"column":9}},"type":"if","locations":[{"start":{"line":211,"column":8},"end":{"line":217,"column":9}},{"start":{"line":215,"column":15},"end":{"line":217,"column":9}}],"line":211}},"s":{"0":23,"1":23,"2":23,"3":31,"4":20,"5":11,"6":8,"7":3,"8":3,"9":9,"10":9,"11":1,"12":8,"13":8,"14":8,"15":8,"16":6,"17":6,"18":6,"19":8,"20":5,"21":5,"22":5,"23":8,"24":6,"25":6,"26":6,"27":8,"28":8,"29":8,"30":17,"31":9,"32":8,"33":4,"34":4,"35":27,"36":26,"37":6,"38":24,"39":24,"40":24,"41":0,"42":0,"43":0,"44":0,"45":0,"46":0,"47":0,"48":0,"49":0,"50":0,"51":0,"52":0,"53":0,"54":0,"55":0,"56":0,"57":0,"58":0,"59":0,"60":0,"61":0,"62":0,"63":0,"64":0,"65":0,"66":0,"67":0,"68":0,"69":0,"70":0,"71":0,"72":0,"73":0,"74":0,"75":0,"76":0,"77":0},"f":{"0":31,"1":9,"2":17,"3":27,"4":6,"5":24,"6":0,"7":0,"8":0,"9":0,"10":0,"11":0,"12":0},"b":{"0":[20,11],"1":[8,3],"2":[1,8],"3":[9,3,2],"4":[6,2],"5":[5,3],"6":[6,2],"7":[8,0],"8":[9,8],"9":[4,4],"10":[26,1],"11":[0,0],"12":[0,0],"13":[0,0],"14":[0,0],"15":[0,0],"16":[0],"17":[0,0],"18":[0,0]},"_coverageSchema":"1a1c01bbd47fc00a2c39e90264f33305004495a9","hash":"a5f26d61b8cfb2490fbd8347c5f9e8534d34b702"}
}
