TN:
SF:src\performance\performanceScore.js
FN:32,calculateMetricScore
FN:48,calculatePerformanceScore
FN:99,getRating
FN:110,updateMetric
FN:120,getMetrics
FN:127,resetMetrics
FN:137,observePerformanceScore
FN:145,(anonymous_7)
FN:156,(anonymous_8)
FN:167,(anonymous_9)
FN:183,(anonymous_10)
FN:191,(anonymous_11)
FN:200,reportScore
FNF:13
FNH:6
FNDA:31,calculateMetricScore
FNDA:9,calculatePerformanceScore
FNDA:17,getRating
FNDA:27,updateMetric
FNDA:6,getMetrics
FNDA:24,resetMetrics
FNDA:0,observePerformanceScore
FNDA:0,(anonymous_7)
FNDA:0,(anonymous_8)
FNDA:0,(anonymous_9)
FNDA:0,(anonymous_10)
FNDA:0,(anonymous_11)
FNDA:0,reportScore
DA:5,23
DA:12,23
DA:19,23
DA:33,31
DA:34,20
DA:36,11
DA:37,8
DA:40,3
DA:41,3
DA:49,9
DA:52,9
DA:53,1
DA:56,8
DA:57,8
DA:58,8
DA:61,8
DA:62,6
DA:63,6
DA:64,6
DA:67,8
DA:68,5
DA:69,5
DA:70,5
DA:73,8
DA:74,6
DA:75,6
DA:76,6
DA:80,8
DA:83,8
DA:85,8
DA:100,17
DA:101,8
DA:102,4
DA:111,27
DA:112,26
DA:121,6
DA:128,24
DA:129,24
DA:130,24
DA:139,0
DA:142,0
DA:143,0
DA:145,0
DA:146,0
DA:147,0
DA:148,0
DA:149,0
DA:150,0
DA:153,0
DA:156,0
DA:157,0
DA:158,0
DA:159,0
DA:160,0
DA:163,0
DA:166,0
DA:167,0
DA:168,0
DA:169,0
DA:170,0
DA:171,0
DA:172,0
DA:176,0
DA:183,0
DA:184,0
DA:185,0
DA:188,0
DA:191,0
DA:192,0
DA:201,0
DA:202,0
DA:203,0
DA:211,0
DA:213,0
DA:214,0
DA:216,0
LF:76
LH:39
BRDA:33,0,0,20
BRDA:33,0,1,11
BRDA:36,1,0,8
BRDA:36,1,1,3
BRDA:52,2,0,1
BRDA:52,2,1,8
BRDA:52,3,0,9
BRDA:52,3,1,3
BRDA:52,3,2,2
BRDA:61,4,0,6
BRDA:61,4,1,2
BRDA:67,5,0,5
BRDA:67,5,1,3
BRDA:73,6,0,6
BRDA:73,6,1,2
BRDA:80,7,0,8
BRDA:80,7,1,0
BRDA:100,8,0,9
BRDA:100,8,1,8
BRDA:101,9,0,4
BRDA:101,9,1,4
BRDA:111,10,0,26
BRDA:111,10,1,1
BRDA:142,11,0,0
BRDA:142,11,1,0
BRDA:148,12,0,0
BRDA:148,12,1,0
BRDA:158,13,0,0
BRDA:158,13,1,0
BRDA:169,14,0,0
BRDA:169,14,1,0
BRDA:184,15,0,0
BRDA:184,15,1,0
BRDA:200,16,0,0
BRDA:202,17,0,0
BRDA:202,17,1,0
BRDA:211,18,0,0
BRDA:211,18,1,0
BRF:38
BRH:22
end_of_record
