TN:
SF:src\config.js
FN:13,setConfig
FNF:1
FNH:0
FNDA:0,setConfig
DA:1,33
DA:14,0
DA:15,0
DA:16,0
LF:4
LH:1
BRDA:15,0,0,0
BRDA:15,0,1,0
BRF:2
BRH:0
end_of_record
TN:
SF:src\index.js
FN:10,(anonymous_0)
FN:17,(anonymous_1)
FN:18,(anonymous_2)
FNF:3
FNH:2
FNDA:3,(anonymous_0)
FNDA:6,(anonymous_1)
FNDA:0,(anonymous_2)
DA:9,1
DA:11,3
DA:12,3
DA:13,3
DA:14,3
DA:17,3
DA:18,6
DA:19,0
DA:20,0
DA:21,0
DA:22,0
LF:11
LH:7
BRDA:10,0,0,2
BRDA:20,1,0,0
BRDA:20,1,1,0
BRF:3
BRH:1
end_of_record
TN:
SF:src\behavior\index.js
FN:9,behavior
FNF:1
FNH:1
FNDA:4,behavior
DA:10,4
DA:11,4
DA:12,4
DA:13,4
DA:14,4
DA:16,4
DA:17,1
LF:7
LH:7
BRDA:16,0,0,1
BRDA:16,0,1,3
BRF:2
BRH:2
end_of_record
TN:
SF:src\behavior\onClick.js
FN:5,onClick
FN:6,(anonymous_1)
FN:8,(anonymous_2)
FN:10,(anonymous_3)
FN:23,(anonymous_4)
FNF:5
FNH:4
FNDA:3,onClick
FNDA:6,(anonymous_1)
FNDA:8,(anonymous_2)
FNDA:5,(anonymous_3)
FNDA:0,(anonymous_4)
DA:6,3
DA:8,6
DA:9,8
DA:10,8
DA:11,5
DA:12,5
DA:14,5
DA:23,0
LF:8
LH:7
BRDA:18,0,0,5
BRDA:18,0,1,5
BRDA:19,1,0,5
BRDA:19,1,1,5
BRF:4
BRH:4
end_of_record
TN:
SF:src\behavior\onVueRouter.js
FN:4,onVueRouter
FN:5,(anonymous_1)
FNF:2
FNH:2
FNDA:4,onVueRouter
FNDA:3,(anonymous_1)
DA:5,4
DA:7,3
DA:8,1
DA:11,2
DA:16,2
DA:27,2
LF:6
LH:6
BRDA:7,0,0,1
BRDA:7,0,1,2
BRDA:18,1,0,2
BRDA:18,1,1,1
BRF:4
BRH:4
end_of_record
TN:
SF:src\behavior\pageAccessDuration.js
FN:5,pageAccessDuration
FN:6,(anonymous_1)
FNF:2
FNH:2
FNDA:3,pageAccessDuration
FNDA:5,(anonymous_1)
DA:6,3
DA:7,5
LF:2
LH:2
BRF:0
BRH:0
end_of_record
TN:
SF:src\behavior\pageAccessHeight.js
FN:12,pageAccessHeight
FN:16,(anonymous_1)
FN:30,(anonymous_2)
FN:38,onScroll
FN:55,(anonymous_4)
FN:64,toPercent
FNF:6
FNH:6
FNDA:5,pageAccessHeight
FNDA:4,(anonymous_1)
FNDA:5,(anonymous_2)
FNDA:16,onScroll
FNDA:3,(anonymous_4)
FNDA:12,toPercent
DA:6,7
DA:7,7
DA:8,7
DA:9,7
DA:10,7
DA:13,5
DA:16,5
DA:17,4
DA:18,4
DA:30,5
DA:31,5
DA:32,5
DA:33,5
DA:34,5
DA:39,16
DA:40,16
DA:42,16
DA:43,8
DA:44,8
DA:55,16
DA:56,3
DA:57,3
DA:58,3
DA:59,3
DA:60,3
DA:65,12
DA:66,0
LF:27
LH:26
BRDA:32,0,0,5
BRDA:32,0,1,5
BRDA:33,1,0,5
BRDA:33,1,1,5
BRDA:42,2,0,8
BRDA:42,2,1,8
BRDA:58,3,0,3
BRDA:58,3,1,3
BRDA:59,4,0,3
BRDA:59,4,1,3
BRDA:65,5,0,12
BRDA:65,5,1,0
BRF:12
BRH:11
end_of_record
TN:
SF:src\behavior\pageChange.js
FN:5,pageChange
FN:7,(anonymous_1)
FN:23,(anonymous_2)
FNF:3
FNH:3
FNDA:4,pageChange
FNDA:2,(anonymous_1)
FNDA:11,(anonymous_2)
DA:6,4
DA:7,4
DA:8,2
DA:10,2
DA:19,2
DA:22,4
DA:23,4
DA:24,11
DA:26,11
DA:35,11
LF:10
LH:10
BRF:0
BRH:0
end_of_record
TN:
SF:src\behavior\pv.js
FN:5,pv
FNF:1
FNH:1
FNDA:3,pv
DA:6,3
LF:1
LH:1
BRF:0
BRH:0
end_of_record
TN:
SF:src\behavior\utils.js
FN:4,getUUID
FNF:1
FNH:1
FNDA:3,getUUID
DA:3,10
DA:5,3
DA:8,2
DA:9,2
DA:11,1
DA:12,1
DA:13,1
LF:7
LH:7
BRDA:5,0,0,1
BRDA:5,0,1,2
BRDA:9,1,0,1
BRDA:9,1,1,1
BRF:4
BRH:4
end_of_record
TN:
SF:src\error\index.js
FN:5,error
FN:7,(anonymous_1)
FN:19,(anonymous_2)
FN:32,(anonymous_3)
FN:39,(anonymous_4)
FN:53,(anonymous_5)
FN:64,(anonymous_6)
FN:78,(anonymous_7)
FNF:8
FNH:5
FNDA:4,error
FNDA:4,(anonymous_1)
FNDA:6,(anonymous_2)
FNDA:0,(anonymous_3)
FNDA:2,(anonymous_4)
FNDA:2,(anonymous_5)
FNDA:0,(anonymous_6)
FNDA:0,(anonymous_7)
DA:6,4
DA:7,4
DA:8,4
DA:9,4
DA:19,4
DA:20,6
DA:21,6
DA:23,6
DA:24,3
DA:25,3
DA:32,0
DA:39,4
DA:40,2
DA:53,4
DA:54,2
DA:63,4
DA:64,0
DA:65,0
DA:67,0
DA:78,4
DA:79,0
LF:21
LH:16
BRDA:21,0,0,0
BRDA:21,0,1,6
BRDA:23,1,0,3
BRDA:23,1,1,3
BRDA:23,2,0,6
BRDA:23,2,1,3
BRDA:24,3,0,3
BRDA:24,3,1,0
BRDA:32,4,0,0
BRDA:32,4,1,3
BRDA:63,5,0,0
BRDA:63,5,1,4
BRF:12
BRH:8
end_of_record
TN:
SF:src\performance\fetch.js
FN:5,overwriteFetch
FN:6,newFetch
FN:17,(anonymous_2)
FN:29,(anonymous_3)
FN:42,fetch
FNF:5
FNH:4
FNDA:5,overwriteFetch
FNDA:4,newFetch
FNDA:4,(anonymous_2)
FNDA:0,(anonymous_3)
FNDA:5,fetch
DA:3,7
DA:6,5
DA:7,4
DA:8,4
DA:16,4
DA:18,4
DA:19,4
DA:21,4
DA:22,4
DA:23,4
DA:25,4
DA:27,4
DA:30,0
DA:31,0
DA:32,0
DA:33,0
DA:35,0
DA:37,0
DA:43,5
LF:19
LH:13
BRDA:11,0,0,4
BRDA:11,0,1,3
BRF:2
BRH:2
end_of_record
TN:
SF:src\performance\fps.js
FN:7,(anonymous_0)
FN:12,fps
FN:16,calculateFPS
FN:49,isBlocking
FNF:4
FNH:1
FNDA:0,(anonymous_0)
FNDA:0,fps
FNDA:0,calculateFPS
FNDA:4,isBlocking
DA:6,3
DA:7,0
DA:10,3
DA:13,0
DA:14,0
DA:17,0
DA:18,0
DA:20,0
DA:22,0
DA:23,0
DA:25,0
DA:26,0
DA:30,0
DA:31,0
DA:37,0
DA:40,0
DA:43,0
DA:50,4
DA:51,4
DA:52,16
DA:53,9
DA:55,7
DA:58,16
DA:59,2
DA:63,2
LF:25
LH:10
BRDA:6,0,0,3
BRDA:6,0,1,0
BRDA:20,1,0,0
BRDA:20,1,1,0
BRDA:30,2,0,0
BRDA:30,2,1,0
BRDA:49,3,0,0
BRDA:49,4,0,0
BRDA:52,5,0,9
BRDA:52,5,1,7
BRDA:52,6,0,16
BRDA:52,6,1,16
BRDA:58,7,0,2
BRDA:58,7,1,14
BRF:14
BRH:7
end_of_record
TN:
SF:src\performance\index.js
FN:14,performance
FNF:1
FNH:1
FNDA:4,performance
DA:15,4
DA:16,4
DA:17,4
DA:18,4
DA:19,4
DA:20,4
DA:21,4
DA:22,4
DA:23,4
DA:24,4
DA:26,4
DA:27,1
LF:12
LH:12
BRDA:26,0,0,1
BRDA:26,0,1,3
BRDA:26,1,0,4
BRDA:26,1,1,1
BRF:4
BRH:4
end_of_record
TN:
SF:src\performance\observeCLS.js
FN:5,observeCLS
FN:8,(anonymous_1)
FN:27,(anonymous_2)
FN:69,(anonymous_3)
FN:75,formatCLSEntry
FNF:5
FNH:3
FNDA:5,observeCLS
FNDA:0,(anonymous_1)
FNDA:4,(anonymous_2)
FNDA:0,(anonymous_3)
FNDA:3,formatCLSEntry
DA:6,5
DA:8,4
DA:9,0
DA:13,4
DA:16,4
DA:18,4
DA:27,4
DA:28,4
DA:30,4
DA:31,3
DA:32,3
DA:40,3
DA:45,1
DA:46,1
DA:48,2
DA:49,2
DA:54,3
DA:55,3
DA:56,3
DA:57,3
DA:58,3
DA:64,4
DA:65,4
DA:68,4
DA:69,4
DA:70,0
DA:76,3
DA:77,3
DA:78,3
DA:80,3
LF:30
LH:28
BRDA:6,0,0,1
BRDA:6,0,1,4
BRDA:30,1,0,3
BRDA:30,1,1,1
BRDA:40,2,0,1
BRDA:40,2,1,2
BRDA:41,3,0,3
BRDA:41,3,1,1
BRDA:41,3,2,1
BRDA:54,4,0,3
BRDA:54,4,1,0
BRDA:68,5,0,4
BRDA:68,5,1,0
BRF:13
BRH:11
end_of_record
TN:
SF:src\performance\observeEntries.js
FN:5,observeEntries
FN:6,(anonymous_1)
FN:13,observeEvent
FN:14,entryHandler
FN:72,filter
FN:76,isCache
FNF:6
FNH:4
FNDA:0,observeEntries
FNDA:0,(anonymous_1)
FNDA:3,observeEvent
FNDA:3,entryHandler
FNDA:2,filter
FNDA:1,isCache
DA:6,0
DA:7,0
DA:8,0
DA:12,3
DA:15,3
DA:16,3
DA:18,3
DA:20,0
DA:22,0
DA:23,0
DA:26,0
DA:30,3
DA:31,2
DA:34,1
DA:55,3
DA:56,3
DA:57,3
DA:59,0
DA:60,0
DA:65,3
DA:66,3
DA:67,3
DA:69,0
DA:73,2
DA:78,1
LF:25
LH:15
BRDA:15,0,0,3
BRDA:15,0,1,0
BRDA:18,1,0,0
BRDA:18,1,1,3
BRDA:20,2,0,0
BRDA:20,2,1,0
BRDA:22,3,0,0
BRDA:22,3,1,0
BRDA:30,4,0,2
BRDA:30,4,1,1
BRDA:30,5,0,3
BRDA:30,5,1,1
BRDA:30,5,2,2
BRDA:55,6,0,3
BRDA:55,6,1,0
BRDA:66,7,0,3
BRDA:66,7,1,0
BRDA:67,8,0,0
BRDA:67,8,1,3
BRDA:78,9,0,1
BRDA:78,9,1,1
BRDA:78,9,2,1
BRF:22
BRH:13
end_of_record
TN:
SF:src\performance\observeFID.js
FN:5,observeFID
FN:7,(anonymous_1)
FN:12,(anonymous_2)
FN:39,fidPolyfill
FN:43,onInput
FN:70,eachEventType
FN:77,(anonymous_6)
FNF:7
FNH:5
FNDA:4,observeFID
FNDA:0,(anonymous_1)
FNDA:2,(anonymous_2)
FNDA:1,fidPolyfill
FNDA:0,onInput
FNDA:1,eachEventType
FNDA:3,(anonymous_6)
DA:7,4
DA:8,0
DA:11,4
DA:12,3
DA:13,2
DA:14,2
DA:17,2
DA:18,2
DA:19,2
DA:20,2
DA:21,2
DA:22,2
DA:23,2
DA:24,2
DA:26,2
DA:30,3
DA:31,3
DA:32,3
DA:36,1
DA:40,1
DA:45,0
DA:49,0
DA:50,0
DA:53,0
DA:55,0
DA:66,0
DA:71,1
DA:77,3
LF:28
LH:21
BRDA:11,0,0,3
BRDA:11,0,1,1
BRDA:13,1,0,2
BRDA:13,1,1,0
BRDA:45,2,0,0
BRDA:45,2,1,0
BRDA:50,3,0,0
BRDA:50,3,1,0
BRF:8
BRH:3
end_of_record
TN:
SF:src\performance\observeFirstScreenPaint.js
FN:6,(anonymous_0)
FN:12,checkDOMChange
FN:14,(anonymous_2)
FN:36,observeFirstScreenPaint
FN:45,(anonymous_4)
FN:52,(anonymous_5)
FN:81,(anonymous_6)
FN:82,(anonymous_7)
FN:94,getRenderTime
FN:96,(anonymous_9)
FN:112,(anonymous_10)
FN:125,needToCalculate
FN:137,isInclude
FN:156,isInScreen
FNF:14
FNH:2
FNDA:3,(anonymous_0)
FNDA:0,checkDOMChange
FNDA:0,(anonymous_2)
FNDA:2,observeFirstScreenPaint
FNDA:0,(anonymous_4)
FNDA:0,(anonymous_5)
FNDA:0,(anonymous_6)
FNDA:0,(anonymous_7)
FNDA:0,getRenderTime
FNDA:0,(anonymous_9)
FNDA:0,(anonymous_10)
FNDA:0,needToCalculate
FNDA:0,isInclude
FNDA:0,isInScreen
DA:5,3
DA:6,3
DA:7,3
DA:13,0
DA:14,0
DA:19,0
DA:20,0
DA:21,0
DA:28,0
DA:30,0
DA:35,3
DA:39,2
DA:42,1
DA:44,1
DA:45,1
DA:46,0
DA:47,0
DA:52,0
DA:53,0
DA:56,0
DA:57,0
DA:58,0
DA:59,0
DA:64,0
DA:70,0
DA:71,0
DA:76,1
DA:81,1
DA:82,0
DA:83,0
DA:95,0
DA:96,0
DA:97,0
DA:99,0
DA:100,0
DA:101,0
DA:112,0
DA:113,0
DA:118,0
DA:122,0
DA:127,0
DA:130,0
DA:131,0
DA:134,0
DA:139,0
DA:140,0
DA:144,0
DA:145,0
DA:149,0
DA:152,3
DA:153,3
DA:157,0
DA:158,0
DA:164,0
LF:54
LH:12
BRDA:19,0,0,0
BRDA:19,0,1,0
BRDA:19,1,0,0
BRDA:19,1,1,0
BRDA:20,2,0,0
BRDA:20,2,1,0
BRDA:39,3,0,1
BRDA:39,3,1,1
BRDA:42,4,0,1
BRDA:42,4,1,0
BRDA:57,5,0,0
BRDA:57,5,1,0
BRDA:59,6,0,0
BRDA:59,6,1,0
BRDA:60,7,0,0
BRDA:60,7,1,0
BRDA:60,7,2,0
BRDA:70,8,0,0
BRDA:70,8,1,0
BRDA:99,9,0,0
BRDA:99,9,1,0
BRDA:99,10,0,0
BRDA:99,10,1,0
BRDA:99,10,2,0
BRDA:113,11,0,0
BRDA:113,11,1,0
BRDA:114,12,0,0
BRDA:114,12,1,0
BRDA:114,12,2,0
BRDA:127,13,0,0
BRDA:127,13,1,0
BRDA:130,14,0,0
BRDA:130,14,1,0
BRDA:130,15,0,0
BRDA:130,15,1,0
BRDA:130,15,2,0
BRDA:139,16,0,0
BRDA:139,16,1,0
BRDA:139,17,0,0
BRDA:139,17,1,0
BRDA:144,18,0,0
BRDA:144,18,1,0
BRDA:158,19,0,0
BRDA:158,19,1,0
BRDA:159,20,0,0
BRDA:159,20,1,0
BRDA:159,20,2,0
BRDA:159,20,3,0
BRF:48
BRH:3
end_of_record
TN:
SF:src\performance\observeLCP.js
FN:6,isLCPDone
FN:10,observeLCP
FN:19,(anonymous_2)
FN:73,(anonymous_3)
FN:75,(anonymous_4)
FNF:5
FNH:3
FNDA:3,isLCPDone
FNDA:5,observeLCP
FNDA:3,(anonymous_2)
FNDA:0,(anonymous_3)
FNDA:0,(anonymous_4)
DA:5,8
DA:7,3
DA:11,5
DA:12,1
DA:13,1
DA:16,4
DA:19,4
DA:20,3
DA:23,3
DA:24,3
DA:28,3
DA:29,3
DA:30,3
DA:56,3
DA:65,3
DA:69,4
DA:70,4
DA:73,4
DA:75,0
DA:76,0
LF:20
LH:18
BRDA:11,0,0,1
BRDA:11,0,1,4
BRDA:23,1,0,3
BRDA:23,1,1,0
BRF:4
BRH:3
end_of_record
TN:
SF:src\performance\observePaint.js
FN:5,observePaint
FN:8,(anonymous_1)
FN:34,(anonymous_2)
FN:36,(anonymous_3)
FN:37,(anonymous_4)
FNF:5
FNH:2
FNDA:5,observePaint
FNDA:3,(anonymous_1)
FNDA:0,(anonymous_2)
FNDA:0,(anonymous_3)
FNDA:0,(anonymous_4)
DA:6,5
DA:8,4
DA:9,3
DA:12,3
DA:13,2
DA:16,3
DA:17,3
DA:19,3
DA:26,3
DA:30,4
DA:31,4
DA:34,4
DA:36,0
DA:37,0
DA:38,0
LF:15
LH:12
BRDA:6,0,0,1
BRDA:6,0,1,4
BRDA:12,1,0,2
BRDA:12,1,1,1
BRF:4
BRH:4
end_of_record
TN:
SF:src\performance\observerLoad.js
FN:4,observerLoad
FN:5,(anonymous_1)
FN:7,(anonymous_2)
FN:8,(anonymous_3)
FN:9,(anonymous_4)
FN:22,onEvent
FN:23,callback
FNF:7
FNH:4
FNDA:4,observerLoad
FNDA:8,(anonymous_1)
FNDA:0,(anonymous_2)
FNDA:0,(anonymous_3)
FNDA:0,(anonymous_4)
FNDA:8,onEvent
FNDA:7,callback
DA:5,8
DA:7,4
DA:8,0
DA:9,0
DA:10,0
DA:24,7
DA:30,7
DA:33,8
LF:8
LH:5
BRF:0
BRH:0
end_of_record
TN:
SF:src\performance\onVueRouter.js
FN:5,onVueRouter
FN:8,(anonymous_1)
FN:27,(anonymous_2)
FN:30,(anonymous_3)
FN:35,(anonymous_4)
FNF:5
FNH:5
FNDA:4,onVueRouter
FNDA:5,(anonymous_1)
FNDA:1,(anonymous_2)
FNDA:1,(anonymous_3)
FNDA:1,(anonymous_4)
DA:6,4
DA:8,4
DA:10,5
DA:11,3
DA:12,3
DA:18,2
DA:19,2
DA:21,2
DA:26,4
DA:28,1
DA:30,1
DA:32,1
DA:33,1
DA:35,1
DA:36,1
DA:37,1
LF:16
LH:16
BRDA:10,0,0,3
BRDA:10,0,1,2
BRDA:28,1,0,0
BRDA:28,1,1,1
BRF:4
BRH:3
end_of_record
TN:
SF:src\performance\utils.js
FN:1,isSupportPerformanceObserver
FNF:1
FNH:1
FNDA:24,isSupportPerformanceObserver
DA:2,24
LF:1
LH:1
BRF:0
BRH:0
end_of_record
TN:
SF:src\performance\xhr.js
FN:4,overwriteOpenAndSend
FN:5,newOpen
FN:12,newSend
FN:16,(anonymous_3)
FN:44,xhr
FNF:5
FNH:5
FNDA:5,overwriteOpenAndSend
FNDA:14,newOpen
FNDA:12,newSend
FNDA:9,(anonymous_3)
FNDA:5,xhr
DA:5,5
DA:7,14
DA:8,14
DA:9,14
DA:12,5
DA:14,12
DA:16,12
DA:18,9
DA:19,9
DA:21,9
DA:22,9
DA:34,9
DA:36,9
DA:39,12
DA:40,12
DA:45,5
LF:16
LH:16
BRDA:28,0,0,9
BRDA:28,0,1,0
BRDA:29,1,0,9
BRDA:29,1,1,9
BRF:4
BRH:3
end_of_record
TN:
SF:src\utils\cache.js
FN:5,getCache
FN:9,addCache
FN:13,clearCache
FNF:3
FNH:3
FNDA:5,getCache
FNDA:6,addCache
FNDA:5,clearCache
DA:3,31
DA:6,5
DA:10,6
DA:14,5
LF:4
LH:4
BRF:0
BRH:0
end_of_record
TN:
SF:src\utils\generateUniqueID.js
FN:1,generateUniqueID
FNF:1
FNH:1
FNDA:33,generateUniqueID
DA:2,33
LF:1
LH:1
BRF:0
BRH:0
end_of_record
TN:
SF:src\utils\report.js
FN:6,isSupportSendBeacon
FN:13,report
FN:33,(anonymous_2)
FN:37,(anonymous_3)
FN:44,lazyReportCache
FN:48,(anonymous_5)
FN:57,reportWithXHR
FNF:7
FNH:5
FNDA:31,isSupportSendBeacon
FNDA:5,report
FNDA:1,(anonymous_2)
FNDA:0,(anonymous_3)
FNDA:2,lazyReportCache
FNDA:1,(anonymous_5)
FNDA:0,reportWithXHR
DA:7,31
DA:10,30
DA:12,30
DA:14,5
DA:15,1
DA:18,5
DA:26,5
DA:27,2
DA:28,2
DA:32,3
DA:33,3
DA:34,1
DA:37,0
DA:38,0
DA:43,30
DA:45,2
DA:47,2
DA:48,2
DA:49,1
DA:50,1
DA:51,1
DA:52,1
DA:58,0
DA:59,0
DA:60,0
LF:25
LH:20
BRDA:10,0,0,30
BRDA:10,0,1,0
BRDA:13,1,0,2
BRDA:14,2,0,1
BRDA:14,2,1,4
BRDA:26,3,0,2
BRDA:26,3,1,3
BRDA:32,4,0,3
BRDA:32,4,1,0
BRDA:44,5,0,2
BRDA:50,6,0,1
BRDA:50,6,1,0
BRF:12
BRH:9
end_of_record
TN:
SF:src\utils\utils.js
FN:2,deepCopy
FN:20,onBFCacheRestore
FN:21,(anonymous_2)
FN:29,onBeforeunload
FN:33,onHidden
FN:34,(anonymous_5)
FN:48,executeAfterLoad
FN:52,(anonymous_7)
FN:61,getPageURL
FNF:9
FNH:6
FNDA:28,deepCopy
FNDA:25,onBFCacheRestore
FNDA:0,(anonymous_2)
FNDA:11,onBeforeunload
FNDA:7,onHidden
FNDA:0,(anonymous_5)
FNDA:8,executeAfterLoad
FNDA:0,(anonymous_7)
FNDA:50,getPageURL
DA:3,28
DA:4,26
DA:5,26
DA:6,57
DA:7,16
DA:9,41
DA:13,26
DA:16,2
DA:21,25
DA:23,0
DA:24,0
DA:30,11
DA:34,7
DA:35,0
DA:36,0
DA:37,0
DA:38,0
DA:39,0
DA:44,7
DA:45,7
DA:49,8
DA:50,8
DA:52,0
DA:53,0
DA:54,0
DA:57,0
DA:62,50
LF:27
LH:16
BRDA:3,0,0,26
BRDA:3,0,1,2
BRDA:4,1,0,10
BRDA:4,1,1,16
BRDA:6,2,0,16
BRDA:6,2,1,41
BRDA:23,3,0,0
BRDA:23,3,1,0
BRDA:35,4,0,0
BRDA:35,4,1,0
BRDA:35,5,0,0
BRDA:35,5,1,0
BRDA:37,6,0,0
BRDA:37,6,1,0
BRDA:49,7,0,8
BRDA:49,7,1,0
BRF:16
BRH:7
end_of_record
TN:
SF:src\utils\xhr.js
FNF:0
FNH:0
DA:1,36
DA:2,36
DA:3,36
LF:3
LH:3
BRF:0
BRH:0
end_of_record
